WARNING - 2024-02-25 06:58:17 --> [DEPRECATED] Creation of dynamic property App\Controllers\Home::$ModelUser is deprecated in APPPATH\Controllers\Home.php on line 9.
 1 SYSTEMPATH\CodeIgniter.php(913): App\Controllers\Home->__construct()
 2 SYSTEMPATH\CodeIgniter.php(493): CodeIgniter\CodeIgniter->createController()
 3 SYSTEMPATH\CodeIgniter.php(361): CodeIgniter\CodeIgniter->handleRequest(null, Object(Config\Cache), false)
 4 FCPATH\index.php(79): CodeIgniter\CodeIgniter->run()
 5 SYSTEMPATH\Commands\Server\rewrite.php(47): require_once('C:\\xampp\\htdocs\\toko_kasir\\public\\index.php')
INFO - 2024-02-25 06:58:18 --> Session: Class initialized using 'CodeIgniter\Session\Handlers\FileHandler' driver.
WARNING - 2024-02-25 07:01:01 --> [DEPRECATED] Creation of dynamic property App\Controllers\Home::$ModelUser is deprecated in APPPATH\Controllers\Home.php on line 9.
 1 SYSTEMPATH\CodeIgniter.php(913): App\Controllers\Home->__construct()
 2 SYSTEMPATH\CodeIgniter.php(493): CodeIgniter\CodeIgniter->createController()
 3 SYSTEMPATH\CodeIgniter.php(361): CodeIgniter\CodeIgniter->handleRequest(null, Object(Config\Cache), false)
 4 FCPATH\index.php(79): CodeIgniter\CodeIgniter->run()
 5 SYSTEMPATH\Commands\Server\rewrite.php(47): require_once('C:\\xampp\\htdocs\\toko_kasir\\public\\index.php')
INFO - 2024-02-25 07:01:05 --> Session: Class initialized using 'CodeIgniter\Session\Handlers\FileHandler' driver.
WARNING - 2024-02-25 07:01:06 --> [DEPRECATED] Creation of dynamic property App\Controllers\Home::$ModelUser is deprecated in APPPATH\Controllers\Home.php on line 9.
 1 SYSTEMPATH\CodeIgniter.php(913): App\Controllers\Home->__construct()
 2 SYSTEMPATH\CodeIgniter.php(493): CodeIgniter\CodeIgniter->createController()
 3 SYSTEMPATH\CodeIgniter.php(361): CodeIgniter\CodeIgniter->handleRequest(null, Object(Config\Cache), false)
 4 FCPATH\index.php(79): CodeIgniter\CodeIgniter->run()
 5 SYSTEMPATH\Commands\Server\rewrite.php(47): require_once('C:\\xampp\\htdocs\\toko_kasir\\public\\index.php')
INFO - 2024-02-25 07:01:06 --> Session: Class initialized using 'CodeIgniter\Session\Handlers\FileHandler' driver.
WARNING - 2024-02-25 07:01:44 --> [DEPRECATED] Creation of dynamic property App\Controllers\Penjualan::$ModelPenjualan is deprecated in APPPATH\Controllers\Penjualan.php on line 12.
 1 SYSTEMPATH\CodeIgniter.php(913): App\Controllers\Penjualan->__construct()
 2 SYSTEMPATH\CodeIgniter.php(493): CodeIgniter\CodeIgniter->createController()
 3 SYSTEMPATH\CodeIgniter.php(361): CodeIgniter\CodeIgniter->handleRequest(null, Object(Config\Cache), false)
 4 FCPATH\index.php(79): CodeIgniter\CodeIgniter->run()
 5 SYSTEMPATH\Commands\Server\rewrite.php(47): require_once('C:\\xampp\\htdocs\\toko_kasir\\public\\index.php')
INFO - 2024-02-25 07:01:44 --> Session: Class initialized using 'CodeIgniter\Session\Handlers\FileHandler' driver.
INFO - 2024-02-25 07:01:44 --> Cart Class Initialized
WARNING - 2024-02-25 07:10:56 --> [DEPRECATED] Creation of dynamic property App\Controllers\Penjualan::$ModelPenjualan is deprecated in APPPATH\Controllers\Penjualan.php on line 12.
 1 SYSTEMPATH\CodeIgniter.php(913): App\Controllers\Penjualan->__construct()
 2 SYSTEMPATH\CodeIgniter.php(493): CodeIgniter\CodeIgniter->createController()
 3 SYSTEMPATH\CodeIgniter.php(361): CodeIgniter\CodeIgniter->handleRequest(null, Object(Config\Cache), false)
 4 FCPATH\index.php(79): CodeIgniter\CodeIgniter->run()
 5 SYSTEMPATH\Commands\Server\rewrite.php(47): require_once('C:\\xampp\\htdocs\\toko_kasir\\public\\index.php')
WARNING - 2024-02-25 07:10:59 --> [DEPRECATED] Creation of dynamic property App\Controllers\Penjualan::$ModelPenjualan is deprecated in APPPATH\Controllers\Penjualan.php on line 12.
 1 SYSTEMPATH\CodeIgniter.php(913): App\Controllers\Penjualan->__construct()
 2 SYSTEMPATH\CodeIgniter.php(493): CodeIgniter\CodeIgniter->createController()
 3 SYSTEMPATH\CodeIgniter.php(361): CodeIgniter\CodeIgniter->handleRequest(null, Object(Config\Cache), false)
 4 FCPATH\index.php(79): CodeIgniter\CodeIgniter->run()
 5 SYSTEMPATH\Commands\Server\rewrite.php(47): require_once('C:\\xampp\\htdocs\\toko_kasir\\public\\index.php')
INFO - 2024-02-25 07:11:00 --> Session: Class initialized using 'CodeIgniter\Session\Handlers\FileHandler' driver.
INFO - 2024-02-25 07:11:00 --> Cart Class Initialized
WARNING - 2024-02-25 07:11:00 --> [DEPRECATED] Creation of dynamic property App\Controllers\Penjualan::$ModelPenjualan is deprecated in APPPATH\Controllers\Penjualan.php on line 12.
 1 SYSTEMPATH\CodeIgniter.php(913): App\Controllers\Penjualan->__construct()
 2 SYSTEMPATH\CodeIgniter.php(493): CodeIgniter\CodeIgniter->createController()
 3 SYSTEMPATH\CodeIgniter.php(361): CodeIgniter\CodeIgniter->handleRequest(null, Object(Config\Cache), false)
 4 FCPATH\index.php(79): CodeIgniter\CodeIgniter->run()
 5 SYSTEMPATH\Commands\Server\rewrite.php(47): require_once('C:\\xampp\\htdocs\\toko_kasir\\public\\index.php')
INFO - 2024-02-25 07:11:00 --> Session: Class initialized using 'CodeIgniter\Session\Handlers\FileHandler' driver.
INFO - 2024-02-25 07:11:00 --> Cart Class Initialized
WARNING - 2024-02-25 07:11:09 --> [DEPRECATED] Creation of dynamic property App\Controllers\Penjualan::$ModelPenjualan is deprecated in APPPATH\Controllers\Penjualan.php on line 12.
 1 SYSTEMPATH\CodeIgniter.php(913): App\Controllers\Penjualan->__construct()
 2 SYSTEMPATH\CodeIgniter.php(493): CodeIgniter\CodeIgniter->createController()
 3 SYSTEMPATH\CodeIgniter.php(361): CodeIgniter\CodeIgniter->handleRequest(null, Object(Config\Cache), false)
 4 FCPATH\index.php(79): CodeIgniter\CodeIgniter->run()
 5 SYSTEMPATH\Commands\Server\rewrite.php(47): require_once('C:\\xampp\\htdocs\\toko_kasir\\public\\index.php')
WARNING - 2024-02-25 07:11:11 --> [DEPRECATED] Creation of dynamic property App\Controllers\Penjualan::$ModelPenjualan is deprecated in APPPATH\Controllers\Penjualan.php on line 12.
 1 SYSTEMPATH\CodeIgniter.php(913): App\Controllers\Penjualan->__construct()
 2 SYSTEMPATH\CodeIgniter.php(493): CodeIgniter\CodeIgniter->createController()
 3 SYSTEMPATH\CodeIgniter.php(361): CodeIgniter\CodeIgniter->handleRequest(null, Object(Config\Cache), false)
 4 FCPATH\index.php(79): CodeIgniter\CodeIgniter->run()
 5 SYSTEMPATH\Commands\Server\rewrite.php(47): require_once('C:\\xampp\\htdocs\\toko_kasir\\public\\index.php')
INFO - 2024-02-25 07:11:11 --> Session: Class initialized using 'CodeIgniter\Session\Handlers\FileHandler' driver.
INFO - 2024-02-25 07:11:11 --> Cart Class Initialized
WARNING - 2024-02-25 07:11:13 --> [DEPRECATED] Creation of dynamic property App\Controllers\Penjualan::$ModelPenjualan is deprecated in APPPATH\Controllers\Penjualan.php on line 12.
 1 SYSTEMPATH\CodeIgniter.php(913): App\Controllers\Penjualan->__construct()
 2 SYSTEMPATH\CodeIgniter.php(493): CodeIgniter\CodeIgniter->createController()
 3 SYSTEMPATH\CodeIgniter.php(361): CodeIgniter\CodeIgniter->handleRequest(null, Object(Config\Cache), false)
 4 FCPATH\index.php(79): CodeIgniter\CodeIgniter->run()
 5 SYSTEMPATH\Commands\Server\rewrite.php(47): require_once('C:\\xampp\\htdocs\\toko_kasir\\public\\index.php')
INFO - 2024-02-25 07:11:13 --> Session: Class initialized using 'CodeIgniter\Session\Handlers\FileHandler' driver.
INFO - 2024-02-25 07:11:13 --> Cart Class Initialized
WARNING - 2024-02-25 07:19:17 --> [DEPRECATED] Creation of dynamic property App\Controllers\Penjualan::$ModelPenjualan is deprecated in APPPATH\Controllers\Penjualan.php on line 12.
 1 SYSTEMPATH\CodeIgniter.php(913): App\Controllers\Penjualan->__construct()
 2 SYSTEMPATH\CodeIgniter.php(493): CodeIgniter\CodeIgniter->createController()
 3 SYSTEMPATH\CodeIgniter.php(361): CodeIgniter\CodeIgniter->handleRequest(null, Object(Config\Cache), false)
 4 FCPATH\index.php(79): CodeIgniter\CodeIgniter->run()
 5 SYSTEMPATH\Commands\Server\rewrite.php(47): require_once('C:\\xampp\\htdocs\\toko_kasir\\public\\index.php')
INFO - 2024-02-25 07:19:18 --> Session: Class initialized using 'CodeIgniter\Session\Handlers\FileHandler' driver.
INFO - 2024-02-25 07:19:18 --> Cart Class Initialized
WARNING - 2024-02-25 07:22:53 --> [DEPRECATED] Creation of dynamic property App\Controllers\Penjualan::$ModelPenjualan is deprecated in APPPATH\Controllers\Penjualan.php on line 12.
 1 SYSTEMPATH\CodeIgniter.php(913): App\Controllers\Penjualan->__construct()
 2 SYSTEMPATH\CodeIgniter.php(493): CodeIgniter\CodeIgniter->createController()
 3 SYSTEMPATH\CodeIgniter.php(361): CodeIgniter\CodeIgniter->handleRequest(null, Object(Config\Cache), false)
 4 FCPATH\index.php(79): CodeIgniter\CodeIgniter->run()
 5 SYSTEMPATH\Commands\Server\rewrite.php(47): require_once('C:\\xampp\\htdocs\\toko_kasir\\public\\index.php')
INFO - 2024-02-25 07:22:54 --> Session: Class initialized using 'CodeIgniter\Session\Handlers\FileHandler' driver.
INFO - 2024-02-25 07:22:54 --> Cart Class Initialized
WARNING - 2024-02-25 07:24:01 --> [DEPRECATED] Creation of dynamic property App\Controllers\Penjualan::$ModelPenjualan is deprecated in APPPATH\Controllers\Penjualan.php on line 12.
 1 SYSTEMPATH\CodeIgniter.php(913): App\Controllers\Penjualan->__construct()
 2 SYSTEMPATH\CodeIgniter.php(493): CodeIgniter\CodeIgniter->createController()
 3 SYSTEMPATH\CodeIgniter.php(361): CodeIgniter\CodeIgniter->handleRequest(null, Object(Config\Cache), false)
 4 FCPATH\index.php(79): CodeIgniter\CodeIgniter->run()
 5 SYSTEMPATH\Commands\Server\rewrite.php(47): require_once('C:\\xampp\\htdocs\\toko_kasir\\public\\index.php')
INFO - 2024-02-25 07:24:01 --> Session: Class initialized using 'CodeIgniter\Session\Handlers\FileHandler' driver.
INFO - 2024-02-25 07:24:01 --> Cart Class Initialized
WARNING - 2024-02-25 09:42:49 --> [DEPRECATED] Creation of dynamic property App\Controllers\Penjualan::$ModelPenjualan is deprecated in APPPATH\Controllers\Penjualan.php on line 12.
 1 SYSTEMPATH\CodeIgniter.php(913): App\Controllers\Penjualan->__construct()
 2 SYSTEMPATH\CodeIgniter.php(493): CodeIgniter\CodeIgniter->createController()
 3 SYSTEMPATH\CodeIgniter.php(361): CodeIgniter\CodeIgniter->handleRequest(null, Object(Config\Cache), false)
 4 FCPATH\index.php(79): CodeIgniter\CodeIgniter->run()
 5 SYSTEMPATH\Commands\Server\rewrite.php(47): require_once('C:\\xampp\\htdocs\\toko_kasir\\public\\index.php')
INFO - 2024-02-25 09:42:49 --> Session: Class initialized using 'CodeIgniter\Session\Handlers\FileHandler' driver.
INFO - 2024-02-25 09:42:50 --> Cart Class Initialized
WARNING - 2024-02-25 09:43:09 --> [DEPRECATED] Creation of dynamic property App\Controllers\Penjualan::$ModelPenjualan is deprecated in APPPATH\Controllers\Penjualan.php on line 12.
 1 SYSTEMPATH\CodeIgniter.php(913): App\Controllers\Penjualan->__construct()
 2 SYSTEMPATH\CodeIgniter.php(493): CodeIgniter\CodeIgniter->createController()
 3 SYSTEMPATH\CodeIgniter.php(361): CodeIgniter\CodeIgniter->handleRequest(null, Object(Config\Cache), false)
 4 FCPATH\index.php(79): CodeIgniter\CodeIgniter->run()
 5 SYSTEMPATH\Commands\Server\rewrite.php(47): require_once('C:\\xampp\\htdocs\\toko_kasir\\public\\index.php')
WARNING - 2024-02-25 09:43:19 --> [DEPRECATED] Creation of dynamic property App\Controllers\Penjualan::$ModelPenjualan is deprecated in APPPATH\Controllers\Penjualan.php on line 12.
 1 SYSTEMPATH\CodeIgniter.php(913): App\Controllers\Penjualan->__construct()
 2 SYSTEMPATH\CodeIgniter.php(493): CodeIgniter\CodeIgniter->createController()
 3 SYSTEMPATH\CodeIgniter.php(361): CodeIgniter\CodeIgniter->handleRequest(null, Object(Config\Cache), false)
 4 FCPATH\index.php(79): CodeIgniter\CodeIgniter->run()
 5 SYSTEMPATH\Commands\Server\rewrite.php(47): require_once('C:\\xampp\\htdocs\\toko_kasir\\public\\index.php')
WARNING - 2024-02-25 09:43:21 --> [DEPRECATED] Creation of dynamic property App\Controllers\Penjualan::$ModelPenjualan is deprecated in APPPATH\Controllers\Penjualan.php on line 12.
 1 SYSTEMPATH\CodeIgniter.php(913): App\Controllers\Penjualan->__construct()
 2 SYSTEMPATH\CodeIgniter.php(493): CodeIgniter\CodeIgniter->createController()
 3 SYSTEMPATH\CodeIgniter.php(361): CodeIgniter\CodeIgniter->handleRequest(null, Object(Config\Cache), false)
 4 FCPATH\index.php(79): CodeIgniter\CodeIgniter->run()
 5 SYSTEMPATH\Commands\Server\rewrite.php(47): require_once('C:\\xampp\\htdocs\\toko_kasir\\public\\index.php')
INFO - 2024-02-25 09:43:21 --> Session: Class initialized using 'CodeIgniter\Session\Handlers\FileHandler' driver.
INFO - 2024-02-25 09:43:21 --> Cart Class Initialized
WARNING - 2024-02-25 09:43:22 --> [DEPRECATED] Creation of dynamic property App\Controllers\Penjualan::$ModelPenjualan is deprecated in APPPATH\Controllers\Penjualan.php on line 12.
 1 SYSTEMPATH\CodeIgniter.php(913): App\Controllers\Penjualan->__construct()
 2 SYSTEMPATH\CodeIgniter.php(493): CodeIgniter\CodeIgniter->createController()
 3 SYSTEMPATH\CodeIgniter.php(361): CodeIgniter\CodeIgniter->handleRequest(null, Object(Config\Cache), false)
 4 FCPATH\index.php(79): CodeIgniter\CodeIgniter->run()
 5 SYSTEMPATH\Commands\Server\rewrite.php(47): require_once('C:\\xampp\\htdocs\\toko_kasir\\public\\index.php')
INFO - 2024-02-25 09:43:22 --> Session: Class initialized using 'CodeIgniter\Session\Handlers\FileHandler' driver.
INFO - 2024-02-25 09:43:22 --> Cart Class Initialized
WARNING - 2024-02-25 09:45:13 --> [DEPRECATED] Creation of dynamic property App\Controllers\Penjualan::$ModelPenjualan is deprecated in APPPATH\Controllers\Penjualan.php on line 12.
 1 SYSTEMPATH\CodeIgniter.php(913): App\Controllers\Penjualan->__construct()
 2 SYSTEMPATH\CodeIgniter.php(493): CodeIgniter\CodeIgniter->createController()
 3 SYSTEMPATH\CodeIgniter.php(361): CodeIgniter\CodeIgniter->handleRequest(null, Object(Config\Cache), false)
 4 FCPATH\index.php(79): CodeIgniter\CodeIgniter->run()
 5 SYSTEMPATH\Commands\Server\rewrite.php(47): require_once('C:\\xampp\\htdocs\\toko_kasir\\public\\index.php')
INFO - 2024-02-25 09:45:13 --> Session: Class initialized using 'CodeIgniter\Session\Handlers\FileHandler' driver.
INFO - 2024-02-25 09:45:13 --> Cart Class Initialized
WARNING - 2024-02-25 09:51:05 --> [DEPRECATED] Creation of dynamic property App\Controllers\Penjualan::$ModelPenjualan is deprecated in APPPATH\Controllers\Penjualan.php on line 12.
 1 SYSTEMPATH\CodeIgniter.php(913): App\Controllers\Penjualan->__construct()
 2 SYSTEMPATH\CodeIgniter.php(493): CodeIgniter\CodeIgniter->createController()
 3 SYSTEMPATH\CodeIgniter.php(361): CodeIgniter\CodeIgniter->handleRequest(null, Object(Config\Cache), false)
 4 FCPATH\index.php(79): CodeIgniter\CodeIgniter->run()
 5 SYSTEMPATH\Commands\Server\rewrite.php(47): require_once('C:\\xampp\\htdocs\\toko_kasir\\public\\index.php')
INFO - 2024-02-25 09:51:06 --> Session: Class initialized using 'CodeIgniter\Session\Handlers\FileHandler' driver.
INFO - 2024-02-25 09:51:06 --> Cart Class Initialized
WARNING - 2024-02-25 09:51:12 --> [DEPRECATED] Creation of dynamic property App\Controllers\Penjualan::$ModelPenjualan is deprecated in APPPATH\Controllers\Penjualan.php on line 12.
 1 SYSTEMPATH\CodeIgniter.php(913): App\Controllers\Penjualan->__construct()
 2 SYSTEMPATH\CodeIgniter.php(493): CodeIgniter\CodeIgniter->createController()
 3 SYSTEMPATH\CodeIgniter.php(361): CodeIgniter\CodeIgniter->handleRequest(null, Object(Config\Cache), false)
 4 FCPATH\index.php(79): CodeIgniter\CodeIgniter->run()
 5 SYSTEMPATH\Commands\Server\rewrite.php(47): require_once('C:\\xampp\\htdocs\\toko_kasir\\public\\index.php')
INFO - 2024-02-25 09:51:12 --> Session: Class initialized using 'CodeIgniter\Session\Handlers\FileHandler' driver.
INFO - 2024-02-25 09:51:12 --> Cart Class Initialized
WARNING - 2024-02-25 09:53:05 --> [DEPRECATED] Creation of dynamic property App\Controllers\Penjualan::$ModelPenjualan is deprecated in APPPATH\Controllers\Penjualan.php on line 12.
 1 SYSTEMPATH\CodeIgniter.php(913): App\Controllers\Penjualan->__construct()
 2 SYSTEMPATH\CodeIgniter.php(493): CodeIgniter\CodeIgniter->createController()
 3 SYSTEMPATH\CodeIgniter.php(361): CodeIgniter\CodeIgniter->handleRequest(null, Object(Config\Cache), false)
 4 FCPATH\index.php(79): CodeIgniter\CodeIgniter->run()
 5 SYSTEMPATH\Commands\Server\rewrite.php(47): require_once('C:\\xampp\\htdocs\\toko_kasir\\public\\index.php')
INFO - 2024-02-25 09:53:05 --> Session: Class initialized using 'CodeIgniter\Session\Handlers\FileHandler' driver.
INFO - 2024-02-25 09:53:05 --> Cart Class Initialized
WARNING - 2024-02-25 09:54:01 --> [DEPRECATED] Creation of dynamic property App\Controllers\Home::$ModelUser is deprecated in APPPATH\Controllers\Home.php on line 9.
 1 SYSTEMPATH\CodeIgniter.php(913): App\Controllers\Home->__construct()
 2 SYSTEMPATH\CodeIgniter.php(493): CodeIgniter\CodeIgniter->createController()
 3 SYSTEMPATH\CodeIgniter.php(361): CodeIgniter\CodeIgniter->handleRequest(null, Object(Config\Cache), false)
 4 FCPATH\index.php(79): CodeIgniter\CodeIgniter->run()
 5 SYSTEMPATH\Commands\Server\rewrite.php(47): require_once('C:\\xampp\\htdocs\\toko_kasir\\public\\index.php')
INFO - 2024-02-25 09:54:02 --> Session: Class initialized using 'CodeIgniter\Session\Handlers\FileHandler' driver.
WARNING - 2024-02-25 09:54:02 --> [DEPRECATED] Creation of dynamic property App\Controllers\Home::$ModelUser is deprecated in APPPATH\Controllers\Home.php on line 9.
 1 SYSTEMPATH\CodeIgniter.php(913): App\Controllers\Home->__construct()
 2 SYSTEMPATH\CodeIgniter.php(493): CodeIgniter\CodeIgniter->createController()
 3 SYSTEMPATH\CodeIgniter.php(361): CodeIgniter\CodeIgniter->handleRequest(null, Object(Config\Cache), false)
 4 FCPATH\index.php(79): CodeIgniter\CodeIgniter->run()
 5 SYSTEMPATH\Commands\Server\rewrite.php(47): require_once('C:\\xampp\\htdocs\\toko_kasir\\public\\index.php')
INFO - 2024-02-25 09:54:04 --> Session: Class initialized using 'CodeIgniter\Session\Handlers\FileHandler' driver.
WARNING - 2024-02-25 09:54:22 --> [DEPRECATED] Creation of dynamic property App\Controllers\Home::$ModelUser is deprecated in APPPATH\Controllers\Home.php on line 9.
 1 SYSTEMPATH\CodeIgniter.php(913): App\Controllers\Home->__construct()
 2 SYSTEMPATH\CodeIgniter.php(493): CodeIgniter\CodeIgniter->createController()
 3 SYSTEMPATH\CodeIgniter.php(361): CodeIgniter\CodeIgniter->handleRequest(null, Object(Config\Cache), false)
 4 FCPATH\index.php(79): CodeIgniter\CodeIgniter->run()
 5 SYSTEMPATH\Commands\Server\rewrite.php(47): require_once('C:\\xampp\\htdocs\\toko_kasir\\public\\index.php')
INFO - 2024-02-25 09:54:22 --> Session: Class initialized using 'CodeIgniter\Session\Handlers\FileHandler' driver.
WARNING - 2024-02-25 09:54:22 --> [DEPRECATED] Creation of dynamic property App\Controllers\Penjualan::$ModelPenjualan is deprecated in APPPATH\Controllers\Penjualan.php on line 12.
 1 SYSTEMPATH\CodeIgniter.php(913): App\Controllers\Penjualan->__construct()
 2 SYSTEMPATH\CodeIgniter.php(493): CodeIgniter\CodeIgniter->createController()
 3 SYSTEMPATH\CodeIgniter.php(361): CodeIgniter\CodeIgniter->handleRequest(null, Object(Config\Cache), false)
 4 FCPATH\index.php(79): CodeIgniter\CodeIgniter->run()
 5 SYSTEMPATH\Commands\Server\rewrite.php(47): require_once('C:\\xampp\\htdocs\\toko_kasir\\public\\index.php')
INFO - 2024-02-25 09:54:22 --> Session: Class initialized using 'CodeIgniter\Session\Handlers\FileHandler' driver.
INFO - 2024-02-25 09:54:22 --> Cart Class Initialized
WARNING - 2024-02-25 12:15:30 --> [DEPRECATED] Creation of dynamic property App\Controllers\Home::$ModelUser is deprecated in APPPATH\Controllers\Home.php on line 9.
 1 SYSTEMPATH\CodeIgniter.php(913): App\Controllers\Home->__construct()
 2 SYSTEMPATH\CodeIgniter.php(493): CodeIgniter\CodeIgniter->createController()
 3 SYSTEMPATH\CodeIgniter.php(361): CodeIgniter\CodeIgniter->handleRequest(null, Object(Config\Cache), false)
 4 FCPATH\index.php(79): CodeIgniter\CodeIgniter->run()
 5 SYSTEMPATH\Commands\Server\rewrite.php(47): require_once('C:\\xampp\\htdocs\\toko_kasir\\public\\index.php')
INFO - 2024-02-25 12:15:30 --> Session: Class initialized using 'CodeIgniter\Session\Handlers\FileHandler' driver.
WARNING - 2024-02-25 12:16:27 --> [DEPRECATED] Creation of dynamic property App\Controllers\Home::$ModelUser is deprecated in APPPATH\Controllers\Home.php on line 9.
 1 SYSTEMPATH\CodeIgniter.php(913): App\Controllers\Home->__construct()
 2 SYSTEMPATH\CodeIgniter.php(493): CodeIgniter\CodeIgniter->createController()
 3 SYSTEMPATH\CodeIgniter.php(361): CodeIgniter\CodeIgniter->handleRequest(null, Object(Config\Cache), false)
 4 FCPATH\index.php(79): CodeIgniter\CodeIgniter->run()
 5 SYSTEMPATH\Commands\Server\rewrite.php(47): require_once('C:\\xampp\\htdocs\\toko_kasir\\public\\index.php')
INFO - 2024-02-25 12:16:28 --> Session: Class initialized using 'CodeIgniter\Session\Handlers\FileHandler' driver.
WARNING - 2024-02-25 12:16:28 --> [DEPRECATED] Creation of dynamic property App\Controllers\Penjualan::$ModelPenjualan is deprecated in APPPATH\Controllers\Penjualan.php on line 12.
 1 SYSTEMPATH\CodeIgniter.php(913): App\Controllers\Penjualan->__construct()
 2 SYSTEMPATH\CodeIgniter.php(493): CodeIgniter\CodeIgniter->createController()
 3 SYSTEMPATH\CodeIgniter.php(361): CodeIgniter\CodeIgniter->handleRequest(null, Object(Config\Cache), false)
 4 FCPATH\index.php(79): CodeIgniter\CodeIgniter->run()
 5 SYSTEMPATH\Commands\Server\rewrite.php(47): require_once('C:\\xampp\\htdocs\\toko_kasir\\public\\index.php')
INFO - 2024-02-25 12:16:28 --> Session: Class initialized using 'CodeIgniter\Session\Handlers\FileHandler' driver.
INFO - 2024-02-25 12:16:28 --> Cart Class Initialized
WARNING - 2024-02-25 12:49:43 --> [DEPRECATED] Creation of dynamic property App\Controllers\Penjualan::$ModelPenjualan is deprecated in APPPATH\Controllers\Penjualan.php on line 12.
 1 SYSTEMPATH\CodeIgniter.php(913): App\Controllers\Penjualan->__construct()
 2 SYSTEMPATH\CodeIgniter.php(493): CodeIgniter\CodeIgniter->createController()
 3 SYSTEMPATH\CodeIgniter.php(361): CodeIgniter\CodeIgniter->handleRequest(null, Object(Config\Cache), false)
 4 FCPATH\index.php(79): CodeIgniter\CodeIgniter->run()
 5 SYSTEMPATH\Commands\Server\rewrite.php(47): require_once('C:\\xampp\\htdocs\\toko_kasir\\public\\index.php')
INFO - 2024-02-25 12:49:44 --> Session: Class initialized using 'CodeIgniter\Session\Handlers\FileHandler' driver.
INFO - 2024-02-25 12:49:44 --> Cart Class Initialized
ERROR - 2024-02-25 12:49:44 --> An invalid name was submitted as the product name:  The name can only contain alpha-numeric characters, dashes, underscores, colons, and spaces
WARNING - 2024-02-25 12:49:45 --> [DEPRECATED] Creation of dynamic property App\Controllers\Penjualan::$ModelPenjualan is deprecated in APPPATH\Controllers\Penjualan.php on line 12.
 1 SYSTEMPATH\CodeIgniter.php(913): App\Controllers\Penjualan->__construct()
 2 SYSTEMPATH\CodeIgniter.php(493): CodeIgniter\CodeIgniter->createController()
 3 SYSTEMPATH\CodeIgniter.php(361): CodeIgniter\CodeIgniter->handleRequest(null, Object(Config\Cache), false)
 4 FCPATH\index.php(79): CodeIgniter\CodeIgniter->run()
 5 SYSTEMPATH\Commands\Server\rewrite.php(47): require_once('C:\\xampp\\htdocs\\toko_kasir\\public\\index.php')
INFO - 2024-02-25 12:49:45 --> Session: Class initialized using 'CodeIgniter\Session\Handlers\FileHandler' driver.
INFO - 2024-02-25 12:49:45 --> Cart Class Initialized
ERROR - 2024-02-25 12:49:45 --> An invalid name was submitted as the product name:  The name can only contain alpha-numeric characters, dashes, underscores, colons, and spaces
WARNING - 2024-02-25 12:49:45 --> [DEPRECATED] Creation of dynamic property App\Controllers\Penjualan::$ModelPenjualan is deprecated in APPPATH\Controllers\Penjualan.php on line 12.
 1 SYSTEMPATH\CodeIgniter.php(913): App\Controllers\Penjualan->__construct()
 2 SYSTEMPATH\CodeIgniter.php(493): CodeIgniter\CodeIgniter->createController()
 3 SYSTEMPATH\CodeIgniter.php(361): CodeIgniter\CodeIgniter->handleRequest(null, Object(Config\Cache), false)
 4 FCPATH\index.php(79): CodeIgniter\CodeIgniter->run()
 5 SYSTEMPATH\Commands\Server\rewrite.php(47): require_once('C:\\xampp\\htdocs\\toko_kasir\\public\\index.php')
INFO - 2024-02-25 12:49:45 --> Session: Class initialized using 'CodeIgniter\Session\Handlers\FileHandler' driver.
INFO - 2024-02-25 12:49:45 --> Cart Class Initialized
ERROR - 2024-02-25 12:49:45 --> An invalid name was submitted as the product name:  The name can only contain alpha-numeric characters, dashes, underscores, colons, and spaces
WARNING - 2024-02-25 12:49:46 --> [DEPRECATED] Creation of dynamic property App\Controllers\Penjualan::$ModelPenjualan is deprecated in APPPATH\Controllers\Penjualan.php on line 12.
 1 SYSTEMPATH\CodeIgniter.php(913): App\Controllers\Penjualan->__construct()
 2 SYSTEMPATH\CodeIgniter.php(493): CodeIgniter\CodeIgniter->createController()
 3 SYSTEMPATH\CodeIgniter.php(361): CodeIgniter\CodeIgniter->handleRequest(null, Object(Config\Cache), false)
 4 FCPATH\index.php(79): CodeIgniter\CodeIgniter->run()
 5 SYSTEMPATH\Commands\Server\rewrite.php(47): require_once('C:\\xampp\\htdocs\\toko_kasir\\public\\index.php')
INFO - 2024-02-25 12:49:46 --> Session: Class initialized using 'CodeIgniter\Session\Handlers\FileHandler' driver.
INFO - 2024-02-25 12:49:46 --> Cart Class Initialized
ERROR - 2024-02-25 12:49:46 --> An invalid name was submitted as the product name:  The name can only contain alpha-numeric characters, dashes, underscores, colons, and spaces
WARNING - 2024-02-25 12:49:46 --> [DEPRECATED] Creation of dynamic property App\Controllers\Penjualan::$ModelPenjualan is deprecated in APPPATH\Controllers\Penjualan.php on line 12.
 1 SYSTEMPATH\CodeIgniter.php(913): App\Controllers\Penjualan->__construct()
 2 SYSTEMPATH\CodeIgniter.php(493): CodeIgniter\CodeIgniter->createController()
 3 SYSTEMPATH\CodeIgniter.php(361): CodeIgniter\CodeIgniter->handleRequest(null, Object(Config\Cache), false)
 4 FCPATH\index.php(79): CodeIgniter\CodeIgniter->run()
 5 SYSTEMPATH\Commands\Server\rewrite.php(47): require_once('C:\\xampp\\htdocs\\toko_kasir\\public\\index.php')
INFO - 2024-02-25 12:49:46 --> Session: Class initialized using 'CodeIgniter\Session\Handlers\FileHandler' driver.
INFO - 2024-02-25 12:49:46 --> Cart Class Initialized
ERROR - 2024-02-25 12:49:46 --> An invalid name was submitted as the product name:  The name can only contain alpha-numeric characters, dashes, underscores, colons, and spaces
WARNING - 2024-02-25 12:49:46 --> [DEPRECATED] Creation of dynamic property App\Controllers\Penjualan::$ModelPenjualan is deprecated in APPPATH\Controllers\Penjualan.php on line 12.
 1 SYSTEMPATH\CodeIgniter.php(913): App\Controllers\Penjualan->__construct()
 2 SYSTEMPATH\CodeIgniter.php(493): CodeIgniter\CodeIgniter->createController()
 3 SYSTEMPATH\CodeIgniter.php(361): CodeIgniter\CodeIgniter->handleRequest(null, Object(Config\Cache), false)
 4 FCPATH\index.php(79): CodeIgniter\CodeIgniter->run()
 5 SYSTEMPATH\Commands\Server\rewrite.php(47): require_once('C:\\xampp\\htdocs\\toko_kasir\\public\\index.php')
INFO - 2024-02-25 12:49:46 --> Session: Class initialized using 'CodeIgniter\Session\Handlers\FileHandler' driver.
INFO - 2024-02-25 12:49:46 --> Cart Class Initialized
ERROR - 2024-02-25 12:49:46 --> An invalid name was submitted as the product name:  The name can only contain alpha-numeric characters, dashes, underscores, colons, and spaces
WARNING - 2024-02-25 12:49:47 --> [DEPRECATED] Creation of dynamic property App\Controllers\Penjualan::$ModelPenjualan is deprecated in APPPATH\Controllers\Penjualan.php on line 12.
 1 SYSTEMPATH\CodeIgniter.php(913): App\Controllers\Penjualan->__construct()
 2 SYSTEMPATH\CodeIgniter.php(493): CodeIgniter\CodeIgniter->createController()
 3 SYSTEMPATH\CodeIgniter.php(361): CodeIgniter\CodeIgniter->handleRequest(null, Object(Config\Cache), false)
 4 FCPATH\index.php(79): CodeIgniter\CodeIgniter->run()
 5 SYSTEMPATH\Commands\Server\rewrite.php(47): require_once('C:\\xampp\\htdocs\\toko_kasir\\public\\index.php')
INFO - 2024-02-25 12:49:47 --> Session: Class initialized using 'CodeIgniter\Session\Handlers\FileHandler' driver.
INFO - 2024-02-25 12:49:47 --> Cart Class Initialized
ERROR - 2024-02-25 12:49:47 --> An invalid name was submitted as the product name:  The name can only contain alpha-numeric characters, dashes, underscores, colons, and spaces
WARNING - 2024-02-25 12:49:47 --> [DEPRECATED] Creation of dynamic property App\Controllers\Penjualan::$ModelPenjualan is deprecated in APPPATH\Controllers\Penjualan.php on line 12.
 1 SYSTEMPATH\CodeIgniter.php(913): App\Controllers\Penjualan->__construct()
 2 SYSTEMPATH\CodeIgniter.php(493): CodeIgniter\CodeIgniter->createController()
 3 SYSTEMPATH\CodeIgniter.php(361): CodeIgniter\CodeIgniter->handleRequest(null, Object(Config\Cache), false)
 4 FCPATH\index.php(79): CodeIgniter\CodeIgniter->run()
 5 SYSTEMPATH\Commands\Server\rewrite.php(47): require_once('C:\\xampp\\htdocs\\toko_kasir\\public\\index.php')
INFO - 2024-02-25 12:49:47 --> Session: Class initialized using 'CodeIgniter\Session\Handlers\FileHandler' driver.
INFO - 2024-02-25 12:49:47 --> Cart Class Initialized
ERROR - 2024-02-25 12:49:47 --> An invalid name was submitted as the product name:  The name can only contain alpha-numeric characters, dashes, underscores, colons, and spaces
WARNING - 2024-02-25 12:49:47 --> [DEPRECATED] Creation of dynamic property App\Controllers\Penjualan::$ModelPenjualan is deprecated in APPPATH\Controllers\Penjualan.php on line 12.
 1 SYSTEMPATH\CodeIgniter.php(913): App\Controllers\Penjualan->__construct()
 2 SYSTEMPATH\CodeIgniter.php(493): CodeIgniter\CodeIgniter->createController()
 3 SYSTEMPATH\CodeIgniter.php(361): CodeIgniter\CodeIgniter->handleRequest(null, Object(Config\Cache), false)
 4 FCPATH\index.php(79): CodeIgniter\CodeIgniter->run()
 5 SYSTEMPATH\Commands\Server\rewrite.php(47): require_once('C:\\xampp\\htdocs\\toko_kasir\\public\\index.php')
INFO - 2024-02-25 12:49:47 --> Session: Class initialized using 'CodeIgniter\Session\Handlers\FileHandler' driver.
INFO - 2024-02-25 12:49:47 --> Cart Class Initialized
ERROR - 2024-02-25 12:49:47 --> An invalid name was submitted as the product name:  The name can only contain alpha-numeric characters, dashes, underscores, colons, and spaces
WARNING - 2024-02-25 12:49:48 --> [DEPRECATED] Creation of dynamic property App\Controllers\Penjualan::$ModelPenjualan is deprecated in APPPATH\Controllers\Penjualan.php on line 12.
 1 SYSTEMPATH\CodeIgniter.php(913): App\Controllers\Penjualan->__construct()
 2 SYSTEMPATH\CodeIgniter.php(493): CodeIgniter\CodeIgniter->createController()
 3 SYSTEMPATH\CodeIgniter.php(361): CodeIgniter\CodeIgniter->handleRequest(null, Object(Config\Cache), false)
 4 FCPATH\index.php(79): CodeIgniter\CodeIgniter->run()
 5 SYSTEMPATH\Commands\Server\rewrite.php(47): require_once('C:\\xampp\\htdocs\\toko_kasir\\public\\index.php')
INFO - 2024-02-25 12:49:48 --> Session: Class initialized using 'CodeIgniter\Session\Handlers\FileHandler' driver.
INFO - 2024-02-25 12:49:48 --> Cart Class Initialized
ERROR - 2024-02-25 12:49:48 --> An invalid name was submitted as the product name:  The name can only contain alpha-numeric characters, dashes, underscores, colons, and spaces
WARNING - 2024-02-25 12:49:48 --> [DEPRECATED] Creation of dynamic property App\Controllers\Penjualan::$ModelPenjualan is deprecated in APPPATH\Controllers\Penjualan.php on line 12.
 1 SYSTEMPATH\CodeIgniter.php(913): App\Controllers\Penjualan->__construct()
 2 SYSTEMPATH\CodeIgniter.php(493): CodeIgniter\CodeIgniter->createController()
 3 SYSTEMPATH\CodeIgniter.php(361): CodeIgniter\CodeIgniter->handleRequest(null, Object(Config\Cache), false)
 4 FCPATH\index.php(79): CodeIgniter\CodeIgniter->run()
 5 SYSTEMPATH\Commands\Server\rewrite.php(47): require_once('C:\\xampp\\htdocs\\toko_kasir\\public\\index.php')
INFO - 2024-02-25 12:49:48 --> Session: Class initialized using 'CodeIgniter\Session\Handlers\FileHandler' driver.
INFO - 2024-02-25 12:49:48 --> Cart Class Initialized
ERROR - 2024-02-25 12:49:48 --> An invalid name was submitted as the product name:  The name can only contain alpha-numeric characters, dashes, underscores, colons, and spaces
WARNING - 2024-02-25 12:49:48 --> [DEPRECATED] Creation of dynamic property App\Controllers\Penjualan::$ModelPenjualan is deprecated in APPPATH\Controllers\Penjualan.php on line 12.
 1 SYSTEMPATH\CodeIgniter.php(913): App\Controllers\Penjualan->__construct()
 2 SYSTEMPATH\CodeIgniter.php(493): CodeIgniter\CodeIgniter->createController()
 3 SYSTEMPATH\CodeIgniter.php(361): CodeIgniter\CodeIgniter->handleRequest(null, Object(Config\Cache), false)
 4 FCPATH\index.php(79): CodeIgniter\CodeIgniter->run()
 5 SYSTEMPATH\Commands\Server\rewrite.php(47): require_once('C:\\xampp\\htdocs\\toko_kasir\\public\\index.php')
INFO - 2024-02-25 12:49:48 --> Session: Class initialized using 'CodeIgniter\Session\Handlers\FileHandler' driver.
INFO - 2024-02-25 12:49:48 --> Cart Class Initialized
WARNING - 2024-02-25 12:55:48 --> [DEPRECATED] Creation of dynamic property App\Controllers\Penjualan::$ModelPenjualan is deprecated in APPPATH\Controllers\Penjualan.php on line 12.
 1 SYSTEMPATH\CodeIgniter.php(913): App\Controllers\Penjualan->__construct()
 2 SYSTEMPATH\CodeIgniter.php(493): CodeIgniter\CodeIgniter->createController()
 3 SYSTEMPATH\CodeIgniter.php(361): CodeIgniter\CodeIgniter->handleRequest(null, Object(Config\Cache), false)
 4 FCPATH\index.php(79): CodeIgniter\CodeIgniter->run()
 5 SYSTEMPATH\Commands\Server\rewrite.php(47): require_once('C:\\xampp\\htdocs\\toko_kasir\\public\\index.php')
INFO - 2024-02-25 12:55:48 --> Session: Class initialized using 'CodeIgniter\Session\Handlers\FileHandler' driver.
INFO - 2024-02-25 12:55:48 --> Cart Class Initialized
WARNING - 2024-02-25 12:56:12 --> [DEPRECATED] Creation of dynamic property App\Controllers\Penjualan::$ModelPenjualan is deprecated in APPPATH\Controllers\Penjualan.php on line 12.
 1 SYSTEMPATH\CodeIgniter.php(913): App\Controllers\Penjualan->__construct()
 2 SYSTEMPATH\CodeIgniter.php(493): CodeIgniter\CodeIgniter->createController()
 3 SYSTEMPATH\CodeIgniter.php(361): CodeIgniter\CodeIgniter->handleRequest(null, Object(Config\Cache), false)
 4 FCPATH\index.php(79): CodeIgniter\CodeIgniter->run()
 5 SYSTEMPATH\Commands\Server\rewrite.php(47): require_once('C:\\xampp\\htdocs\\toko_kasir\\public\\index.php')
INFO - 2024-02-25 12:56:12 --> Session: Class initialized using 'CodeIgniter\Session\Handlers\FileHandler' driver.
INFO - 2024-02-25 12:56:12 --> Cart Class Initialized
ERROR - 2024-02-25 12:56:12 --> An invalid name was submitted as the product name:  The name can only contain alpha-numeric characters, dashes, underscores, colons, and spaces
WARNING - 2024-02-25 12:56:13 --> [DEPRECATED] Creation of dynamic property App\Controllers\Penjualan::$ModelPenjualan is deprecated in APPPATH\Controllers\Penjualan.php on line 12.
 1 SYSTEMPATH\CodeIgniter.php(913): App\Controllers\Penjualan->__construct()
 2 SYSTEMPATH\CodeIgniter.php(493): CodeIgniter\CodeIgniter->createController()
 3 SYSTEMPATH\CodeIgniter.php(361): CodeIgniter\CodeIgniter->handleRequest(null, Object(Config\Cache), false)
 4 FCPATH\index.php(79): CodeIgniter\CodeIgniter->run()
 5 SYSTEMPATH\Commands\Server\rewrite.php(47): require_once('C:\\xampp\\htdocs\\toko_kasir\\public\\index.php')
INFO - 2024-02-25 12:56:13 --> Session: Class initialized using 'CodeIgniter\Session\Handlers\FileHandler' driver.
INFO - 2024-02-25 12:56:13 --> Cart Class Initialized
WARNING - 2024-02-25 12:56:13 --> [DEPRECATED] Creation of dynamic property App\Controllers\Penjualan::$ModelPenjualan is deprecated in APPPATH\Controllers\Penjualan.php on line 12.
 1 SYSTEMPATH\CodeIgniter.php(913): App\Controllers\Penjualan->__construct()
 2 SYSTEMPATH\CodeIgniter.php(493): CodeIgniter\CodeIgniter->createController()
 3 SYSTEMPATH\CodeIgniter.php(361): CodeIgniter\CodeIgniter->handleRequest(null, Object(Config\Cache), false)
 4 FCPATH\index.php(79): CodeIgniter\CodeIgniter->run()
 5 SYSTEMPATH\Commands\Server\rewrite.php(47): require_once('C:\\xampp\\htdocs\\toko_kasir\\public\\index.php')
INFO - 2024-02-25 12:56:13 --> Session: Class initialized using 'CodeIgniter\Session\Handlers\FileHandler' driver.
INFO - 2024-02-25 12:56:13 --> Cart Class Initialized
ERROR - 2024-02-25 12:56:13 --> An invalid name was submitted as the product name:  The name can only contain alpha-numeric characters, dashes, underscores, colons, and spaces
WARNING - 2024-02-25 12:56:13 --> [DEPRECATED] Creation of dynamic property App\Controllers\Penjualan::$ModelPenjualan is deprecated in APPPATH\Controllers\Penjualan.php on line 12.
 1 SYSTEMPATH\CodeIgniter.php(913): App\Controllers\Penjualan->__construct()
 2 SYSTEMPATH\CodeIgniter.php(493): CodeIgniter\CodeIgniter->createController()
 3 SYSTEMPATH\CodeIgniter.php(361): CodeIgniter\CodeIgniter->handleRequest(null, Object(Config\Cache), false)
 4 FCPATH\index.php(79): CodeIgniter\CodeIgniter->run()
 5 SYSTEMPATH\Commands\Server\rewrite.php(47): require_once('C:\\xampp\\htdocs\\toko_kasir\\public\\index.php')
INFO - 2024-02-25 12:56:13 --> Session: Class initialized using 'CodeIgniter\Session\Handlers\FileHandler' driver.
INFO - 2024-02-25 12:56:13 --> Cart Class Initialized
ERROR - 2024-02-25 12:56:13 --> An invalid name was submitted as the product name:  The name can only contain alpha-numeric characters, dashes, underscores, colons, and spaces
WARNING - 2024-02-25 12:56:14 --> [DEPRECATED] Creation of dynamic property App\Controllers\Penjualan::$ModelPenjualan is deprecated in APPPATH\Controllers\Penjualan.php on line 12.
 1 SYSTEMPATH\CodeIgniter.php(913): App\Controllers\Penjualan->__construct()
 2 SYSTEMPATH\CodeIgniter.php(493): CodeIgniter\CodeIgniter->createController()
 3 SYSTEMPATH\CodeIgniter.php(361): CodeIgniter\CodeIgniter->handleRequest(null, Object(Config\Cache), false)
 4 FCPATH\index.php(79): CodeIgniter\CodeIgniter->run()
 5 SYSTEMPATH\Commands\Server\rewrite.php(47): require_once('C:\\xampp\\htdocs\\toko_kasir\\public\\index.php')
INFO - 2024-02-25 12:56:14 --> Session: Class initialized using 'CodeIgniter\Session\Handlers\FileHandler' driver.
INFO - 2024-02-25 12:56:14 --> Cart Class Initialized
ERROR - 2024-02-25 12:56:14 --> An invalid name was submitted as the product name:  The name can only contain alpha-numeric characters, dashes, underscores, colons, and spaces
WARNING - 2024-02-25 12:56:14 --> [DEPRECATED] Creation of dynamic property App\Controllers\Penjualan::$ModelPenjualan is deprecated in APPPATH\Controllers\Penjualan.php on line 12.
 1 SYSTEMPATH\CodeIgniter.php(913): App\Controllers\Penjualan->__construct()
 2 SYSTEMPATH\CodeIgniter.php(493): CodeIgniter\CodeIgniter->createController()
 3 SYSTEMPATH\CodeIgniter.php(361): CodeIgniter\CodeIgniter->handleRequest(null, Object(Config\Cache), false)
 4 FCPATH\index.php(79): CodeIgniter\CodeIgniter->run()
 5 SYSTEMPATH\Commands\Server\rewrite.php(47): require_once('C:\\xampp\\htdocs\\toko_kasir\\public\\index.php')
INFO - 2024-02-25 12:56:14 --> Session: Class initialized using 'CodeIgniter\Session\Handlers\FileHandler' driver.
INFO - 2024-02-25 12:56:14 --> Cart Class Initialized
ERROR - 2024-02-25 12:56:14 --> An invalid name was submitted as the product name:  The name can only contain alpha-numeric characters, dashes, underscores, colons, and spaces
WARNING - 2024-02-25 12:56:14 --> [DEPRECATED] Creation of dynamic property App\Controllers\Penjualan::$ModelPenjualan is deprecated in APPPATH\Controllers\Penjualan.php on line 12.
 1 SYSTEMPATH\CodeIgniter.php(913): App\Controllers\Penjualan->__construct()
 2 SYSTEMPATH\CodeIgniter.php(493): CodeIgniter\CodeIgniter->createController()
 3 SYSTEMPATH\CodeIgniter.php(361): CodeIgniter\CodeIgniter->handleRequest(null, Object(Config\Cache), false)
 4 FCPATH\index.php(79): CodeIgniter\CodeIgniter->run()
 5 SYSTEMPATH\Commands\Server\rewrite.php(47): require_once('C:\\xampp\\htdocs\\toko_kasir\\public\\index.php')
INFO - 2024-02-25 12:56:14 --> Session: Class initialized using 'CodeIgniter\Session\Handlers\FileHandler' driver.
INFO - 2024-02-25 12:56:14 --> Cart Class Initialized
ERROR - 2024-02-25 12:56:14 --> An invalid name was submitted as the product name:  The name can only contain alpha-numeric characters, dashes, underscores, colons, and spaces
WARNING - 2024-02-25 12:56:14 --> [DEPRECATED] Creation of dynamic property App\Controllers\Penjualan::$ModelPenjualan is deprecated in APPPATH\Controllers\Penjualan.php on line 12.
 1 SYSTEMPATH\CodeIgniter.php(913): App\Controllers\Penjualan->__construct()
 2 SYSTEMPATH\CodeIgniter.php(493): CodeIgniter\CodeIgniter->createController()
 3 SYSTEMPATH\CodeIgniter.php(361): CodeIgniter\CodeIgniter->handleRequest(null, Object(Config\Cache), false)
 4 FCPATH\index.php(79): CodeIgniter\CodeIgniter->run()
 5 SYSTEMPATH\Commands\Server\rewrite.php(47): require_once('C:\\xampp\\htdocs\\toko_kasir\\public\\index.php')
INFO - 2024-02-25 12:56:14 --> Session: Class initialized using 'CodeIgniter\Session\Handlers\FileHandler' driver.
INFO - 2024-02-25 12:56:14 --> Cart Class Initialized
ERROR - 2024-02-25 12:56:14 --> An invalid name was submitted as the product name:  The name can only contain alpha-numeric characters, dashes, underscores, colons, and spaces
WARNING - 2024-02-25 12:56:15 --> [DEPRECATED] Creation of dynamic property App\Controllers\Penjualan::$ModelPenjualan is deprecated in APPPATH\Controllers\Penjualan.php on line 12.
 1 SYSTEMPATH\CodeIgniter.php(913): App\Controllers\Penjualan->__construct()
 2 SYSTEMPATH\CodeIgniter.php(493): CodeIgniter\CodeIgniter->createController()
 3 SYSTEMPATH\CodeIgniter.php(361): CodeIgniter\CodeIgniter->handleRequest(null, Object(Config\Cache), false)
 4 FCPATH\index.php(79): CodeIgniter\CodeIgniter->run()
 5 SYSTEMPATH\Commands\Server\rewrite.php(47): require_once('C:\\xampp\\htdocs\\toko_kasir\\public\\index.php')
INFO - 2024-02-25 12:56:15 --> Session: Class initialized using 'CodeIgniter\Session\Handlers\FileHandler' driver.
INFO - 2024-02-25 12:56:15 --> Cart Class Initialized
