WARNING - 2024-02-23 00:46:13 --> [DEPRECATED] Creation of dynamic property App\Controllers\Home::$ModelUser is deprecated in APPPATH\Controllers\Home.php on line 9.
 1 SYSTEMPATH\CodeIgniter.php(913): App\Controllers\Home->__construct()
 2 SYSTEMPATH\CodeIgniter.php(493): CodeIgniter\CodeIgniter->createController()
 3 SYSTEMPATH\CodeIgniter.php(361): CodeIgniter\CodeIgniter->handleRequest(null, Object(Config\Cache), false)
 4 FCPATH\index.php(79): CodeIgniter\CodeIgniter->run()
 5 SYSTEMPATH\Commands\Server\rewrite.php(47): require_once('C:\\xampp\\htdocs\\toko_kasir\\public\\index.php')
INFO - 2024-02-23 00:46:14 --> Session: Class initialized using 'CodeIgniter\Session\Handlers\FileHandler' driver.
WARNING - 2024-02-23 00:46:34 --> [DEPRECATED] Creation of dynamic property App\Controllers\Home::$ModelUser is deprecated in APPPATH\Controllers\Home.php on line 9.
 1 SYSTEMPATH\CodeIgniter.php(913): App\Controllers\Home->__construct()
 2 SYSTEMPATH\CodeIgniter.php(493): CodeIgniter\CodeIgniter->createController()
 3 SYSTEMPATH\CodeIgniter.php(361): CodeIgniter\CodeIgniter->handleRequest(null, Object(Config\Cache), false)
 4 FCPATH\index.php(79): CodeIgniter\CodeIgniter->run()
 5 SYSTEMPATH\Commands\Server\rewrite.php(47): require_once('C:\\xampp\\htdocs\\toko_kasir\\public\\index.php')
INFO - 2024-02-23 00:46:34 --> Session: Class initialized using 'CodeIgniter\Session\Handlers\FileHandler' driver.
WARNING - 2024-02-23 00:46:40 --> [DEPRECATED] Creation of dynamic property App\Controllers\Penjualan::$ModelPenjualan is deprecated in APPPATH\Controllers\Penjualan.php on line 12.
 1 SYSTEMPATH\CodeIgniter.php(913): App\Controllers\Penjualan->__construct()
 2 SYSTEMPATH\CodeIgniter.php(493): CodeIgniter\CodeIgniter->createController()
 3 SYSTEMPATH\CodeIgniter.php(361): CodeIgniter\CodeIgniter->handleRequest(null, Object(Config\Cache), false)
 4 FCPATH\index.php(79): CodeIgniter\CodeIgniter->run()
 5 SYSTEMPATH\Commands\Server\rewrite.php(47): require_once('C:\\xampp\\htdocs\\toko_kasir\\public\\index.php')
INFO - 2024-02-23 00:46:40 --> Session: Class initialized using 'CodeIgniter\Session\Handlers\FileHandler' driver.
INFO - 2024-02-23 00:46:40 --> Cart Class Initialized
WARNING - 2024-02-23 00:49:58 --> [DEPRECATED] Creation of dynamic property App\Controllers\Penjualan::$ModelPenjualan is deprecated in APPPATH\Controllers\Penjualan.php on line 12.
 1 SYSTEMPATH\CodeIgniter.php(913): App\Controllers\Penjualan->__construct()
 2 SYSTEMPATH\CodeIgniter.php(493): CodeIgniter\CodeIgniter->createController()
 3 SYSTEMPATH\CodeIgniter.php(361): CodeIgniter\CodeIgniter->handleRequest(null, Object(Config\Cache), false)
 4 FCPATH\index.php(79): CodeIgniter\CodeIgniter->run()
 5 SYSTEMPATH\Commands\Server\rewrite.php(47): require_once('C:\\xampp\\htdocs\\toko_kasir\\public\\index.php')
WARNING - 2024-02-23 00:50:01 --> [DEPRECATED] Creation of dynamic property App\Controllers\Penjualan::$ModelPenjualan is deprecated in APPPATH\Controllers\Penjualan.php on line 12.
 1 SYSTEMPATH\CodeIgniter.php(913): App\Controllers\Penjualan->__construct()
 2 SYSTEMPATH\CodeIgniter.php(493): CodeIgniter\CodeIgniter->createController()
 3 SYSTEMPATH\CodeIgniter.php(361): CodeIgniter\CodeIgniter->handleRequest(null, Object(Config\Cache), false)
 4 FCPATH\index.php(79): CodeIgniter\CodeIgniter->run()
 5 SYSTEMPATH\Commands\Server\rewrite.php(47): require_once('C:\\xampp\\htdocs\\toko_kasir\\public\\index.php')
INFO - 2024-02-23 00:50:01 --> Session: Class initialized using 'CodeIgniter\Session\Handlers\FileHandler' driver.
INFO - 2024-02-23 00:50:01 --> Cart Class Initialized
WARNING - 2024-02-23 00:50:01 --> [DEPRECATED] Creation of dynamic property App\Controllers\Penjualan::$ModelPenjualan is deprecated in APPPATH\Controllers\Penjualan.php on line 12.
 1 SYSTEMPATH\CodeIgniter.php(913): App\Controllers\Penjualan->__construct()
 2 SYSTEMPATH\CodeIgniter.php(493): CodeIgniter\CodeIgniter->createController()
 3 SYSTEMPATH\CodeIgniter.php(361): CodeIgniter\CodeIgniter->handleRequest(null, Object(Config\Cache), false)
 4 FCPATH\index.php(79): CodeIgniter\CodeIgniter->run()
 5 SYSTEMPATH\Commands\Server\rewrite.php(47): require_once('C:\\xampp\\htdocs\\toko_kasir\\public\\index.php')
INFO - 2024-02-23 00:50:01 --> Session: Class initialized using 'CodeIgniter\Session\Handlers\FileHandler' driver.
INFO - 2024-02-23 00:50:01 --> Cart Class Initialized
WARNING - 2024-02-23 00:51:23 --> [DEPRECATED] Creation of dynamic property App\Controllers\Penjualan::$ModelPenjualan is deprecated in APPPATH\Controllers\Penjualan.php on line 12.
 1 SYSTEMPATH\CodeIgniter.php(913): App\Controllers\Penjualan->__construct()
 2 SYSTEMPATH\CodeIgniter.php(493): CodeIgniter\CodeIgniter->createController()
 3 SYSTEMPATH\CodeIgniter.php(361): CodeIgniter\CodeIgniter->handleRequest(null, Object(Config\Cache), false)
 4 FCPATH\index.php(79): CodeIgniter\CodeIgniter->run()
 5 SYSTEMPATH\Commands\Server\rewrite.php(47): require_once('C:\\xampp\\htdocs\\toko_kasir\\public\\index.php')
INFO - 2024-02-23 00:51:23 --> Session: Class initialized using 'CodeIgniter\Session\Handlers\FileHandler' driver.
INFO - 2024-02-23 00:51:23 --> Cart Class Initialized
WARNING - 2024-02-23 00:51:30 --> [DEPRECATED] Creation of dynamic property App\Controllers\Penjualan::$ModelPenjualan is deprecated in APPPATH\Controllers\Penjualan.php on line 12.
 1 SYSTEMPATH\CodeIgniter.php(913): App\Controllers\Penjualan->__construct()
 2 SYSTEMPATH\CodeIgniter.php(493): CodeIgniter\CodeIgniter->createController()
 3 SYSTEMPATH\CodeIgniter.php(361): CodeIgniter\CodeIgniter->handleRequest(null, Object(Config\Cache), false)
 4 FCPATH\index.php(79): CodeIgniter\CodeIgniter->run()
 5 SYSTEMPATH\Commands\Server\rewrite.php(47): require_once('C:\\xampp\\htdocs\\toko_kasir\\public\\index.php')
WARNING - 2024-02-23 00:51:32 --> [DEPRECATED] Creation of dynamic property App\Controllers\Penjualan::$ModelPenjualan is deprecated in APPPATH\Controllers\Penjualan.php on line 12.
 1 SYSTEMPATH\CodeIgniter.php(913): App\Controllers\Penjualan->__construct()
 2 SYSTEMPATH\CodeIgniter.php(493): CodeIgniter\CodeIgniter->createController()
 3 SYSTEMPATH\CodeIgniter.php(361): CodeIgniter\CodeIgniter->handleRequest(null, Object(Config\Cache), false)
 4 FCPATH\index.php(79): CodeIgniter\CodeIgniter->run()
 5 SYSTEMPATH\Commands\Server\rewrite.php(47): require_once('C:\\xampp\\htdocs\\toko_kasir\\public\\index.php')
INFO - 2024-02-23 00:51:32 --> Session: Class initialized using 'CodeIgniter\Session\Handlers\FileHandler' driver.
INFO - 2024-02-23 00:51:32 --> Cart Class Initialized
WARNING - 2024-02-23 00:51:32 --> [DEPRECATED] Creation of dynamic property App\Controllers\Penjualan::$ModelPenjualan is deprecated in APPPATH\Controllers\Penjualan.php on line 12.
 1 SYSTEMPATH\CodeIgniter.php(913): App\Controllers\Penjualan->__construct()
 2 SYSTEMPATH\CodeIgniter.php(493): CodeIgniter\CodeIgniter->createController()
 3 SYSTEMPATH\CodeIgniter.php(361): CodeIgniter\CodeIgniter->handleRequest(null, Object(Config\Cache), false)
 4 FCPATH\index.php(79): CodeIgniter\CodeIgniter->run()
 5 SYSTEMPATH\Commands\Server\rewrite.php(47): require_once('C:\\xampp\\htdocs\\toko_kasir\\public\\index.php')
INFO - 2024-02-23 00:51:32 --> Session: Class initialized using 'CodeIgniter\Session\Handlers\FileHandler' driver.
INFO - 2024-02-23 00:51:32 --> Cart Class Initialized
WARNING - 2024-02-23 01:01:29 --> [DEPRECATED] Creation of dynamic property App\Controllers\Penjualan::$ModelPenjualan is deprecated in APPPATH\Controllers\Penjualan.php on line 12.
 1 SYSTEMPATH\CodeIgniter.php(913): App\Controllers\Penjualan->__construct()
 2 SYSTEMPATH\CodeIgniter.php(493): CodeIgniter\CodeIgniter->createController()
 3 SYSTEMPATH\CodeIgniter.php(361): CodeIgniter\CodeIgniter->handleRequest(null, Object(Config\Cache), false)
 4 FCPATH\index.php(79): CodeIgniter\CodeIgniter->run()
 5 SYSTEMPATH\Commands\Server\rewrite.php(47): require_once('C:\\xampp\\htdocs\\toko_kasir\\public\\index.php')
INFO - 2024-02-23 01:01:29 --> Session: Class initialized using 'CodeIgniter\Session\Handlers\FileHandler' driver.
INFO - 2024-02-23 01:01:29 --> Cart Class Initialized
WARNING - 2024-02-23 01:02:19 --> [DEPRECATED] Creation of dynamic property App\Controllers\Produk::$ModelProduk is deprecated in APPPATH\Controllers\Produk.php on line 14.
 1 SYSTEMPATH\CodeIgniter.php(913): App\Controllers\Produk->__construct()
 2 SYSTEMPATH\CodeIgniter.php(493): CodeIgniter\CodeIgniter->createController()
 3 SYSTEMPATH\CodeIgniter.php(361): CodeIgniter\CodeIgniter->handleRequest(null, Object(Config\Cache), false)
 4 FCPATH\index.php(79): CodeIgniter\CodeIgniter->run()
 5 SYSTEMPATH\Commands\Server\rewrite.php(47): require_once('C:\\xampp\\htdocs\\toko_kasir\\public\\index.php')
WARNING - 2024-02-23 01:02:19 --> [DEPRECATED] Creation of dynamic property App\Controllers\Produk::$ModelKategori is deprecated in APPPATH\Controllers\Produk.php on line 15.
 1 SYSTEMPATH\CodeIgniter.php(913): App\Controllers\Produk->__construct()
 2 SYSTEMPATH\CodeIgniter.php(493): CodeIgniter\CodeIgniter->createController()
 3 SYSTEMPATH\CodeIgniter.php(361): CodeIgniter\CodeIgniter->handleRequest(null, Object(Config\Cache), false)
 4 FCPATH\index.php(79): CodeIgniter\CodeIgniter->run()
 5 SYSTEMPATH\Commands\Server\rewrite.php(47): require_once('C:\\xampp\\htdocs\\toko_kasir\\public\\index.php')
WARNING - 2024-02-23 01:02:19 --> [DEPRECATED] Creation of dynamic property App\Controllers\Produk::$ModelSatuan is deprecated in APPPATH\Controllers\Produk.php on line 16.
 1 SYSTEMPATH\CodeIgniter.php(913): App\Controllers\Produk->__construct()
 2 SYSTEMPATH\CodeIgniter.php(493): CodeIgniter\CodeIgniter->createController()
 3 SYSTEMPATH\CodeIgniter.php(361): CodeIgniter\CodeIgniter->handleRequest(null, Object(Config\Cache), false)
 4 FCPATH\index.php(79): CodeIgniter\CodeIgniter->run()
 5 SYSTEMPATH\Commands\Server\rewrite.php(47): require_once('C:\\xampp\\htdocs\\toko_kasir\\public\\index.php')
INFO - 2024-02-23 01:02:20 --> Session: Class initialized using 'CodeIgniter\Session\Handlers\FileHandler' driver.
WARNING - 2024-02-23 01:03:47 --> [DEPRECATED] Creation of dynamic property App\Controllers\Produk::$ModelProduk is deprecated in APPPATH\Controllers\Produk.php on line 14.
 1 SYSTEMPATH\CodeIgniter.php(913): App\Controllers\Produk->__construct()
 2 SYSTEMPATH\CodeIgniter.php(493): CodeIgniter\CodeIgniter->createController()
 3 SYSTEMPATH\CodeIgniter.php(361): CodeIgniter\CodeIgniter->handleRequest(null, Object(Config\Cache), false)
 4 FCPATH\index.php(79): CodeIgniter\CodeIgniter->run()
 5 SYSTEMPATH\Commands\Server\rewrite.php(47): require_once('C:\\xampp\\htdocs\\toko_kasir\\public\\index.php')
WARNING - 2024-02-23 01:03:47 --> [DEPRECATED] Creation of dynamic property App\Controllers\Produk::$ModelKategori is deprecated in APPPATH\Controllers\Produk.php on line 15.
 1 SYSTEMPATH\CodeIgniter.php(913): App\Controllers\Produk->__construct()
 2 SYSTEMPATH\CodeIgniter.php(493): CodeIgniter\CodeIgniter->createController()
 3 SYSTEMPATH\CodeIgniter.php(361): CodeIgniter\CodeIgniter->handleRequest(null, Object(Config\Cache), false)
 4 FCPATH\index.php(79): CodeIgniter\CodeIgniter->run()
 5 SYSTEMPATH\Commands\Server\rewrite.php(47): require_once('C:\\xampp\\htdocs\\toko_kasir\\public\\index.php')
WARNING - 2024-02-23 01:03:47 --> [DEPRECATED] Creation of dynamic property App\Controllers\Produk::$ModelSatuan is deprecated in APPPATH\Controllers\Produk.php on line 16.
 1 SYSTEMPATH\CodeIgniter.php(913): App\Controllers\Produk->__construct()
 2 SYSTEMPATH\CodeIgniter.php(493): CodeIgniter\CodeIgniter->createController()
 3 SYSTEMPATH\CodeIgniter.php(361): CodeIgniter\CodeIgniter->handleRequest(null, Object(Config\Cache), false)
 4 FCPATH\index.php(79): CodeIgniter\CodeIgniter->run()
 5 SYSTEMPATH\Commands\Server\rewrite.php(47): require_once('C:\\xampp\\htdocs\\toko_kasir\\public\\index.php')
INFO - 2024-02-23 01:03:47 --> Session: Class initialized using 'CodeIgniter\Session\Handlers\FileHandler' driver.
WARNING - 2024-02-23 01:03:47 --> [DEPRECATED] Creation of dynamic property App\Controllers\Produk::$ModelProduk is deprecated in APPPATH\Controllers\Produk.php on line 14.
 1 SYSTEMPATH\CodeIgniter.php(913): App\Controllers\Produk->__construct()
 2 SYSTEMPATH\CodeIgniter.php(493): CodeIgniter\CodeIgniter->createController()
 3 SYSTEMPATH\CodeIgniter.php(361): CodeIgniter\CodeIgniter->handleRequest(null, Object(Config\Cache), false)
 4 FCPATH\index.php(79): CodeIgniter\CodeIgniter->run()
 5 SYSTEMPATH\Commands\Server\rewrite.php(47): require_once('C:\\xampp\\htdocs\\toko_kasir\\public\\index.php')
WARNING - 2024-02-23 01:03:47 --> [DEPRECATED] Creation of dynamic property App\Controllers\Produk::$ModelKategori is deprecated in APPPATH\Controllers\Produk.php on line 15.
 1 SYSTEMPATH\CodeIgniter.php(913): App\Controllers\Produk->__construct()
 2 SYSTEMPATH\CodeIgniter.php(493): CodeIgniter\CodeIgniter->createController()
 3 SYSTEMPATH\CodeIgniter.php(361): CodeIgniter\CodeIgniter->handleRequest(null, Object(Config\Cache), false)
 4 FCPATH\index.php(79): CodeIgniter\CodeIgniter->run()
 5 SYSTEMPATH\Commands\Server\rewrite.php(47): require_once('C:\\xampp\\htdocs\\toko_kasir\\public\\index.php')
WARNING - 2024-02-23 01:03:47 --> [DEPRECATED] Creation of dynamic property App\Controllers\Produk::$ModelSatuan is deprecated in APPPATH\Controllers\Produk.php on line 16.
 1 SYSTEMPATH\CodeIgniter.php(913): App\Controllers\Produk->__construct()
 2 SYSTEMPATH\CodeIgniter.php(493): CodeIgniter\CodeIgniter->createController()
 3 SYSTEMPATH\CodeIgniter.php(361): CodeIgniter\CodeIgniter->handleRequest(null, Object(Config\Cache), false)
 4 FCPATH\index.php(79): CodeIgniter\CodeIgniter->run()
 5 SYSTEMPATH\Commands\Server\rewrite.php(47): require_once('C:\\xampp\\htdocs\\toko_kasir\\public\\index.php')
INFO - 2024-02-23 01:03:47 --> Session: Class initialized using 'CodeIgniter\Session\Handlers\FileHandler' driver.
WARNING - 2024-02-23 01:03:54 --> [DEPRECATED] Creation of dynamic property App\Controllers\Penjualan::$ModelPenjualan is deprecated in APPPATH\Controllers\Penjualan.php on line 12.
 1 SYSTEMPATH\CodeIgniter.php(913): App\Controllers\Penjualan->__construct()
 2 SYSTEMPATH\CodeIgniter.php(493): CodeIgniter\CodeIgniter->createController()
 3 SYSTEMPATH\CodeIgniter.php(361): CodeIgniter\CodeIgniter->handleRequest(null, Object(Config\Cache), false)
 4 FCPATH\index.php(79): CodeIgniter\CodeIgniter->run()
 5 SYSTEMPATH\Commands\Server\rewrite.php(47): require_once('C:\\xampp\\htdocs\\toko_kasir\\public\\index.php')
INFO - 2024-02-23 01:03:54 --> Session: Class initialized using 'CodeIgniter\Session\Handlers\FileHandler' driver.
INFO - 2024-02-23 01:03:54 --> Cart Class Initialized
WARNING - 2024-02-23 01:04:00 --> [DEPRECATED] Creation of dynamic property App\Controllers\Penjualan::$ModelPenjualan is deprecated in APPPATH\Controllers\Penjualan.php on line 12.
 1 SYSTEMPATH\CodeIgniter.php(913): App\Controllers\Penjualan->__construct()
 2 SYSTEMPATH\CodeIgniter.php(493): CodeIgniter\CodeIgniter->createController()
 3 SYSTEMPATH\CodeIgniter.php(361): CodeIgniter\CodeIgniter->handleRequest(null, Object(Config\Cache), false)
 4 FCPATH\index.php(79): CodeIgniter\CodeIgniter->run()
 5 SYSTEMPATH\Commands\Server\rewrite.php(47): require_once('C:\\xampp\\htdocs\\toko_kasir\\public\\index.php')
WARNING - 2024-02-23 01:04:02 --> [DEPRECATED] Creation of dynamic property App\Controllers\Penjualan::$ModelPenjualan is deprecated in APPPATH\Controllers\Penjualan.php on line 12.
 1 SYSTEMPATH\CodeIgniter.php(913): App\Controllers\Penjualan->__construct()
 2 SYSTEMPATH\CodeIgniter.php(493): CodeIgniter\CodeIgniter->createController()
 3 SYSTEMPATH\CodeIgniter.php(361): CodeIgniter\CodeIgniter->handleRequest(null, Object(Config\Cache), false)
 4 FCPATH\index.php(79): CodeIgniter\CodeIgniter->run()
 5 SYSTEMPATH\Commands\Server\rewrite.php(47): require_once('C:\\xampp\\htdocs\\toko_kasir\\public\\index.php')
INFO - 2024-02-23 01:04:02 --> Session: Class initialized using 'CodeIgniter\Session\Handlers\FileHandler' driver.
INFO - 2024-02-23 01:04:02 --> Cart Class Initialized
WARNING - 2024-02-23 01:04:03 --> [DEPRECATED] Creation of dynamic property App\Controllers\Penjualan::$ModelPenjualan is deprecated in APPPATH\Controllers\Penjualan.php on line 12.
 1 SYSTEMPATH\CodeIgniter.php(913): App\Controllers\Penjualan->__construct()
 2 SYSTEMPATH\CodeIgniter.php(493): CodeIgniter\CodeIgniter->createController()
 3 SYSTEMPATH\CodeIgniter.php(361): CodeIgniter\CodeIgniter->handleRequest(null, Object(Config\Cache), false)
 4 FCPATH\index.php(79): CodeIgniter\CodeIgniter->run()
 5 SYSTEMPATH\Commands\Server\rewrite.php(47): require_once('C:\\xampp\\htdocs\\toko_kasir\\public\\index.php')
INFO - 2024-02-23 01:04:03 --> Session: Class initialized using 'CodeIgniter\Session\Handlers\FileHandler' driver.
INFO - 2024-02-23 01:04:03 --> Cart Class Initialized
WARNING - 2024-02-23 01:07:22 --> [DEPRECATED] Creation of dynamic property App\Controllers\Penjualan::$ModelPenjualan is deprecated in APPPATH\Controllers\Penjualan.php on line 12.
 1 SYSTEMPATH\CodeIgniter.php(913): App\Controllers\Penjualan->__construct()
 2 SYSTEMPATH\CodeIgniter.php(493): CodeIgniter\CodeIgniter->createController()
 3 SYSTEMPATH\CodeIgniter.php(361): CodeIgniter\CodeIgniter->handleRequest(null, Object(Config\Cache), false)
 4 FCPATH\index.php(79): CodeIgniter\CodeIgniter->run()
 5 SYSTEMPATH\Commands\Server\rewrite.php(47): require_once('C:\\xampp\\htdocs\\toko_kasir\\public\\index.php')
INFO - 2024-02-23 01:07:22 --> Session: Class initialized using 'CodeIgniter\Session\Handlers\FileHandler' driver.
INFO - 2024-02-23 01:07:22 --> Cart Class Initialized
WARNING - 2024-02-23 01:28:15 --> [DEPRECATED] Creation of dynamic property App\Controllers\Penjualan::$ModelPenjualan is deprecated in APPPATH\Controllers\Penjualan.php on line 12.
 1 SYSTEMPATH\CodeIgniter.php(913): App\Controllers\Penjualan->__construct()
 2 SYSTEMPATH\CodeIgniter.php(493): CodeIgniter\CodeIgniter->createController()
 3 SYSTEMPATH\CodeIgniter.php(361): CodeIgniter\CodeIgniter->handleRequest(null, Object(Config\Cache), false)
 4 FCPATH\index.php(79): CodeIgniter\CodeIgniter->run()
 5 SYSTEMPATH\Commands\Server\rewrite.php(47): require_once('C:\\xampp\\htdocs\\toko_kasir\\public\\index.php')
INFO - 2024-02-23 01:28:15 --> Session: Class initialized using 'CodeIgniter\Session\Handlers\FileHandler' driver.
INFO - 2024-02-23 01:28:15 --> Cart Class Initialized
WARNING - 2024-02-23 01:40:21 --> [DEPRECATED] Creation of dynamic property App\Controllers\Penjualan::$ModelPenjualan is deprecated in APPPATH\Controllers\Penjualan.php on line 12.
 1 SYSTEMPATH\CodeIgniter.php(913): App\Controllers\Penjualan->__construct()
 2 SYSTEMPATH\CodeIgniter.php(493): CodeIgniter\CodeIgniter->createController()
 3 SYSTEMPATH\CodeIgniter.php(361): CodeIgniter\CodeIgniter->handleRequest(null, Object(Config\Cache), false)
 4 FCPATH\index.php(79): CodeIgniter\CodeIgniter->run()
 5 SYSTEMPATH\Commands\Server\rewrite.php(47): require_once('C:\\xampp\\htdocs\\toko_kasir\\public\\index.php')
INFO - 2024-02-23 01:40:21 --> Session: Class initialized using 'CodeIgniter\Session\Handlers\FileHandler' driver.
INFO - 2024-02-23 01:40:21 --> Cart Class Initialized
WARNING - 2024-02-23 01:41:24 --> [DEPRECATED] Creation of dynamic property App\Controllers\Penjualan::$ModelPenjualan is deprecated in APPPATH\Controllers\Penjualan.php on line 12.
 1 SYSTEMPATH\CodeIgniter.php(913): App\Controllers\Penjualan->__construct()
 2 SYSTEMPATH\CodeIgniter.php(493): CodeIgniter\CodeIgniter->createController()
 3 SYSTEMPATH\CodeIgniter.php(361): CodeIgniter\CodeIgniter->handleRequest(null, Object(Config\Cache), false)
 4 FCPATH\index.php(79): CodeIgniter\CodeIgniter->run()
 5 SYSTEMPATH\Commands\Server\rewrite.php(47): require_once('C:\\xampp\\htdocs\\toko_kasir\\public\\index.php')
INFO - 2024-02-23 01:41:24 --> Session: Class initialized using 'CodeIgniter\Session\Handlers\FileHandler' driver.
INFO - 2024-02-23 01:41:24 --> Cart Class Initialized
WARNING - 2024-02-23 01:43:20 --> [DEPRECATED] Creation of dynamic property App\Controllers\Penjualan::$ModelPenjualan is deprecated in APPPATH\Controllers\Penjualan.php on line 12.
 1 SYSTEMPATH\CodeIgniter.php(913): App\Controllers\Penjualan->__construct()
 2 SYSTEMPATH\CodeIgniter.php(493): CodeIgniter\CodeIgniter->createController()
 3 SYSTEMPATH\CodeIgniter.php(361): CodeIgniter\CodeIgniter->handleRequest(null, Object(Config\Cache), false)
 4 FCPATH\index.php(79): CodeIgniter\CodeIgniter->run()
 5 SYSTEMPATH\Commands\Server\rewrite.php(47): require_once('C:\\xampp\\htdocs\\toko_kasir\\public\\index.php')
INFO - 2024-02-23 01:43:20 --> Session: Class initialized using 'CodeIgniter\Session\Handlers\FileHandler' driver.
INFO - 2024-02-23 01:43:20 --> Cart Class Initialized
WARNING - 2024-02-23 01:47:02 --> [DEPRECATED] Creation of dynamic property App\Controllers\Penjualan::$ModelPenjualan is deprecated in APPPATH\Controllers\Penjualan.php on line 12.
 1 SYSTEMPATH\CodeIgniter.php(913): App\Controllers\Penjualan->__construct()
 2 SYSTEMPATH\CodeIgniter.php(493): CodeIgniter\CodeIgniter->createController()
 3 SYSTEMPATH\CodeIgniter.php(361): CodeIgniter\CodeIgniter->handleRequest(null, Object(Config\Cache), false)
 4 FCPATH\index.php(79): CodeIgniter\CodeIgniter->run()
 5 SYSTEMPATH\Commands\Server\rewrite.php(47): require_once('C:\\xampp\\htdocs\\toko_kasir\\public\\index.php')
INFO - 2024-02-23 01:47:02 --> Session: Class initialized using 'CodeIgniter\Session\Handlers\FileHandler' driver.
INFO - 2024-02-23 01:47:02 --> Cart Class Initialized
WARNING - 2024-02-23 01:47:23 --> [DEPRECATED] Creation of dynamic property App\Controllers\Penjualan::$ModelPenjualan is deprecated in APPPATH\Controllers\Penjualan.php on line 12.
 1 SYSTEMPATH\CodeIgniter.php(913): App\Controllers\Penjualan->__construct()
 2 SYSTEMPATH\CodeIgniter.php(493): CodeIgniter\CodeIgniter->createController()
 3 SYSTEMPATH\CodeIgniter.php(361): CodeIgniter\CodeIgniter->handleRequest(null, Object(Config\Cache), false)
 4 FCPATH\index.php(79): CodeIgniter\CodeIgniter->run()
 5 SYSTEMPATH\Commands\Server\rewrite.php(47): require_once('C:\\xampp\\htdocs\\toko_kasir\\public\\index.php')
INFO - 2024-02-23 01:47:23 --> Session: Class initialized using 'CodeIgniter\Session\Handlers\FileHandler' driver.
INFO - 2024-02-23 01:47:23 --> Cart Class Initialized
WARNING - 2024-02-23 02:11:16 --> [DEPRECATED] Creation of dynamic property App\Controllers\Penjualan::$ModelPenjualan is deprecated in APPPATH\Controllers\Penjualan.php on line 12.
 1 SYSTEMPATH\CodeIgniter.php(913): App\Controllers\Penjualan->__construct()
 2 SYSTEMPATH\CodeIgniter.php(493): CodeIgniter\CodeIgniter->createController()
 3 SYSTEMPATH\CodeIgniter.php(361): CodeIgniter\CodeIgniter->handleRequest(null, Object(Config\Cache), false)
 4 FCPATH\index.php(79): CodeIgniter\CodeIgniter->run()
 5 SYSTEMPATH\Commands\Server\rewrite.php(47): require_once('C:\\xampp\\htdocs\\toko_kasir\\public\\index.php')
INFO - 2024-02-23 02:11:17 --> Session: Class initialized using 'CodeIgniter\Session\Handlers\FileHandler' driver.
INFO - 2024-02-23 02:11:17 --> Cart Class Initialized
WARNING - 2024-02-23 02:49:24 --> [DEPRECATED] Creation of dynamic property App\Controllers\Penjualan::$ModelPenjualan is deprecated in APPPATH\Controllers\Penjualan.php on line 12.
 1 SYSTEMPATH\CodeIgniter.php(913): App\Controllers\Penjualan->__construct()
 2 SYSTEMPATH\CodeIgniter.php(493): CodeIgniter\CodeIgniter->createController()
 3 SYSTEMPATH\CodeIgniter.php(361): CodeIgniter\CodeIgniter->handleRequest(null, Object(Config\Cache), false)
 4 FCPATH\index.php(79): CodeIgniter\CodeIgniter->run()
 5 SYSTEMPATH\Commands\Server\rewrite.php(47): require_once('C:\\xampp\\htdocs\\toko_kasir\\public\\index.php')
INFO - 2024-02-23 02:49:24 --> Session: Class initialized using 'CodeIgniter\Session\Handlers\FileHandler' driver.
INFO - 2024-02-23 02:49:24 --> Cart Class Initialized
WARNING - 2024-02-23 02:54:29 --> [DEPRECATED] Creation of dynamic property App\Controllers\Penjualan::$ModelPenjualan is deprecated in APPPATH\Controllers\Penjualan.php on line 12.
 1 SYSTEMPATH\CodeIgniter.php(913): App\Controllers\Penjualan->__construct()
 2 SYSTEMPATH\CodeIgniter.php(493): CodeIgniter\CodeIgniter->createController()
 3 SYSTEMPATH\CodeIgniter.php(361): CodeIgniter\CodeIgniter->handleRequest(null, Object(Config\Cache), false)
 4 FCPATH\index.php(79): CodeIgniter\CodeIgniter->run()
 5 SYSTEMPATH\Commands\Server\rewrite.php(47): require_once('C:\\xampp\\htdocs\\toko_kasir\\public\\index.php')
INFO - 2024-02-23 02:54:29 --> Session: Class initialized using 'CodeIgniter\Session\Handlers\FileHandler' driver.
INFO - 2024-02-23 02:54:29 --> Cart Class Initialized
WARNING - 2024-02-23 02:57:46 --> [DEPRECATED] Creation of dynamic property App\Controllers\Penjualan::$ModelPenjualan is deprecated in APPPATH\Controllers\Penjualan.php on line 12.
 1 SYSTEMPATH\CodeIgniter.php(913): App\Controllers\Penjualan->__construct()
 2 SYSTEMPATH\CodeIgniter.php(493): CodeIgniter\CodeIgniter->createController()
 3 SYSTEMPATH\CodeIgniter.php(361): CodeIgniter\CodeIgniter->handleRequest(null, Object(Config\Cache), false)
 4 FCPATH\index.php(79): CodeIgniter\CodeIgniter->run()
 5 SYSTEMPATH\Commands\Server\rewrite.php(47): require_once('C:\\xampp\\htdocs\\toko_kasir\\public\\index.php')
INFO - 2024-02-23 02:57:46 --> Session: Class initialized using 'CodeIgniter\Session\Handlers\FileHandler' driver.
INFO - 2024-02-23 02:57:46 --> Cart Class Initialized
WARNING - 2024-02-23 02:58:24 --> [DEPRECATED] Creation of dynamic property App\Controllers\Produk::$ModelProduk is deprecated in APPPATH\Controllers\Produk.php on line 14.
 1 SYSTEMPATH\CodeIgniter.php(913): App\Controllers\Produk->__construct()
 2 SYSTEMPATH\CodeIgniter.php(493): CodeIgniter\CodeIgniter->createController()
 3 SYSTEMPATH\CodeIgniter.php(361): CodeIgniter\CodeIgniter->handleRequest(null, Object(Config\Cache), false)
 4 FCPATH\index.php(79): CodeIgniter\CodeIgniter->run()
 5 SYSTEMPATH\Commands\Server\rewrite.php(47): require_once('C:\\xampp\\htdocs\\toko_kasir\\public\\index.php')
WARNING - 2024-02-23 02:58:24 --> [DEPRECATED] Creation of dynamic property App\Controllers\Produk::$ModelKategori is deprecated in APPPATH\Controllers\Produk.php on line 15.
 1 SYSTEMPATH\CodeIgniter.php(913): App\Controllers\Produk->__construct()
 2 SYSTEMPATH\CodeIgniter.php(493): CodeIgniter\CodeIgniter->createController()
 3 SYSTEMPATH\CodeIgniter.php(361): CodeIgniter\CodeIgniter->handleRequest(null, Object(Config\Cache), false)
 4 FCPATH\index.php(79): CodeIgniter\CodeIgniter->run()
 5 SYSTEMPATH\Commands\Server\rewrite.php(47): require_once('C:\\xampp\\htdocs\\toko_kasir\\public\\index.php')
WARNING - 2024-02-23 02:58:24 --> [DEPRECATED] Creation of dynamic property App\Controllers\Produk::$ModelSatuan is deprecated in APPPATH\Controllers\Produk.php on line 16.
 1 SYSTEMPATH\CodeIgniter.php(913): App\Controllers\Produk->__construct()
 2 SYSTEMPATH\CodeIgniter.php(493): CodeIgniter\CodeIgniter->createController()
 3 SYSTEMPATH\CodeIgniter.php(361): CodeIgniter\CodeIgniter->handleRequest(null, Object(Config\Cache), false)
 4 FCPATH\index.php(79): CodeIgniter\CodeIgniter->run()
 5 SYSTEMPATH\Commands\Server\rewrite.php(47): require_once('C:\\xampp\\htdocs\\toko_kasir\\public\\index.php')
INFO - 2024-02-23 02:58:24 --> Session: Class initialized using 'CodeIgniter\Session\Handlers\FileHandler' driver.
WARNING - 2024-02-23 02:59:05 --> [DEPRECATED] Creation of dynamic property App\Controllers\Produk::$ModelProduk is deprecated in APPPATH\Controllers\Produk.php on line 14.
 1 SYSTEMPATH\CodeIgniter.php(913): App\Controllers\Produk->__construct()
 2 SYSTEMPATH\CodeIgniter.php(493): CodeIgniter\CodeIgniter->createController()
 3 SYSTEMPATH\CodeIgniter.php(361): CodeIgniter\CodeIgniter->handleRequest(null, Object(Config\Cache), false)
 4 FCPATH\index.php(79): CodeIgniter\CodeIgniter->run()
 5 SYSTEMPATH\Commands\Server\rewrite.php(47): require_once('C:\\xampp\\htdocs\\toko_kasir\\public\\index.php')
WARNING - 2024-02-23 02:59:05 --> [DEPRECATED] Creation of dynamic property App\Controllers\Produk::$ModelKategori is deprecated in APPPATH\Controllers\Produk.php on line 15.
 1 SYSTEMPATH\CodeIgniter.php(913): App\Controllers\Produk->__construct()
 2 SYSTEMPATH\CodeIgniter.php(493): CodeIgniter\CodeIgniter->createController()
 3 SYSTEMPATH\CodeIgniter.php(361): CodeIgniter\CodeIgniter->handleRequest(null, Object(Config\Cache), false)
 4 FCPATH\index.php(79): CodeIgniter\CodeIgniter->run()
 5 SYSTEMPATH\Commands\Server\rewrite.php(47): require_once('C:\\xampp\\htdocs\\toko_kasir\\public\\index.php')
WARNING - 2024-02-23 02:59:05 --> [DEPRECATED] Creation of dynamic property App\Controllers\Produk::$ModelSatuan is deprecated in APPPATH\Controllers\Produk.php on line 16.
 1 SYSTEMPATH\CodeIgniter.php(913): App\Controllers\Produk->__construct()
 2 SYSTEMPATH\CodeIgniter.php(493): CodeIgniter\CodeIgniter->createController()
 3 SYSTEMPATH\CodeIgniter.php(361): CodeIgniter\CodeIgniter->handleRequest(null, Object(Config\Cache), false)
 4 FCPATH\index.php(79): CodeIgniter\CodeIgniter->run()
 5 SYSTEMPATH\Commands\Server\rewrite.php(47): require_once('C:\\xampp\\htdocs\\toko_kasir\\public\\index.php')
INFO - 2024-02-23 02:59:06 --> Session: Class initialized using 'CodeIgniter\Session\Handlers\FileHandler' driver.
WARNING - 2024-02-23 02:59:06 --> [DEPRECATED] Creation of dynamic property App\Controllers\Produk::$ModelProduk is deprecated in APPPATH\Controllers\Produk.php on line 14.
 1 SYSTEMPATH\CodeIgniter.php(913): App\Controllers\Produk->__construct()
 2 SYSTEMPATH\CodeIgniter.php(493): CodeIgniter\CodeIgniter->createController()
 3 SYSTEMPATH\CodeIgniter.php(361): CodeIgniter\CodeIgniter->handleRequest(null, Object(Config\Cache), false)
 4 FCPATH\index.php(79): CodeIgniter\CodeIgniter->run()
 5 SYSTEMPATH\Commands\Server\rewrite.php(47): require_once('C:\\xampp\\htdocs\\toko_kasir\\public\\index.php')
WARNING - 2024-02-23 02:59:06 --> [DEPRECATED] Creation of dynamic property App\Controllers\Produk::$ModelKategori is deprecated in APPPATH\Controllers\Produk.php on line 15.
 1 SYSTEMPATH\CodeIgniter.php(913): App\Controllers\Produk->__construct()
 2 SYSTEMPATH\CodeIgniter.php(493): CodeIgniter\CodeIgniter->createController()
 3 SYSTEMPATH\CodeIgniter.php(361): CodeIgniter\CodeIgniter->handleRequest(null, Object(Config\Cache), false)
 4 FCPATH\index.php(79): CodeIgniter\CodeIgniter->run()
 5 SYSTEMPATH\Commands\Server\rewrite.php(47): require_once('C:\\xampp\\htdocs\\toko_kasir\\public\\index.php')
WARNING - 2024-02-23 02:59:06 --> [DEPRECATED] Creation of dynamic property App\Controllers\Produk::$ModelSatuan is deprecated in APPPATH\Controllers\Produk.php on line 16.
 1 SYSTEMPATH\CodeIgniter.php(913): App\Controllers\Produk->__construct()
 2 SYSTEMPATH\CodeIgniter.php(493): CodeIgniter\CodeIgniter->createController()
 3 SYSTEMPATH\CodeIgniter.php(361): CodeIgniter\CodeIgniter->handleRequest(null, Object(Config\Cache), false)
 4 FCPATH\index.php(79): CodeIgniter\CodeIgniter->run()
 5 SYSTEMPATH\Commands\Server\rewrite.php(47): require_once('C:\\xampp\\htdocs\\toko_kasir\\public\\index.php')
INFO - 2024-02-23 02:59:06 --> Session: Class initialized using 'CodeIgniter\Session\Handlers\FileHandler' driver.
WARNING - 2024-02-23 03:00:37 --> [DEPRECATED] Creation of dynamic property App\Controllers\Produk::$ModelProduk is deprecated in APPPATH\Controllers\Produk.php on line 14.
 1 SYSTEMPATH\CodeIgniter.php(913): App\Controllers\Produk->__construct()
 2 SYSTEMPATH\CodeIgniter.php(493): CodeIgniter\CodeIgniter->createController()
 3 SYSTEMPATH\CodeIgniter.php(361): CodeIgniter\CodeIgniter->handleRequest(null, Object(Config\Cache), false)
 4 FCPATH\index.php(79): CodeIgniter\CodeIgniter->run()
 5 SYSTEMPATH\Commands\Server\rewrite.php(47): require_once('C:\\xampp\\htdocs\\toko_kasir\\public\\index.php')
WARNING - 2024-02-23 03:00:37 --> [DEPRECATED] Creation of dynamic property App\Controllers\Produk::$ModelKategori is deprecated in APPPATH\Controllers\Produk.php on line 15.
 1 SYSTEMPATH\CodeIgniter.php(913): App\Controllers\Produk->__construct()
 2 SYSTEMPATH\CodeIgniter.php(493): CodeIgniter\CodeIgniter->createController()
 3 SYSTEMPATH\CodeIgniter.php(361): CodeIgniter\CodeIgniter->handleRequest(null, Object(Config\Cache), false)
 4 FCPATH\index.php(79): CodeIgniter\CodeIgniter->run()
 5 SYSTEMPATH\Commands\Server\rewrite.php(47): require_once('C:\\xampp\\htdocs\\toko_kasir\\public\\index.php')
WARNING - 2024-02-23 03:00:37 --> [DEPRECATED] Creation of dynamic property App\Controllers\Produk::$ModelSatuan is deprecated in APPPATH\Controllers\Produk.php on line 16.
 1 SYSTEMPATH\CodeIgniter.php(913): App\Controllers\Produk->__construct()
 2 SYSTEMPATH\CodeIgniter.php(493): CodeIgniter\CodeIgniter->createController()
 3 SYSTEMPATH\CodeIgniter.php(361): CodeIgniter\CodeIgniter->handleRequest(null, Object(Config\Cache), false)
 4 FCPATH\index.php(79): CodeIgniter\CodeIgniter->run()
 5 SYSTEMPATH\Commands\Server\rewrite.php(47): require_once('C:\\xampp\\htdocs\\toko_kasir\\public\\index.php')
INFO - 2024-02-23 03:00:37 --> Session: Class initialized using 'CodeIgniter\Session\Handlers\FileHandler' driver.
WARNING - 2024-02-23 03:00:37 --> [DEPRECATED] Creation of dynamic property App\Controllers\Produk::$ModelProduk is deprecated in APPPATH\Controllers\Produk.php on line 14.
 1 SYSTEMPATH\CodeIgniter.php(913): App\Controllers\Produk->__construct()
 2 SYSTEMPATH\CodeIgniter.php(493): CodeIgniter\CodeIgniter->createController()
 3 SYSTEMPATH\CodeIgniter.php(361): CodeIgniter\CodeIgniter->handleRequest(null, Object(Config\Cache), false)
 4 FCPATH\index.php(79): CodeIgniter\CodeIgniter->run()
 5 SYSTEMPATH\Commands\Server\rewrite.php(47): require_once('C:\\xampp\\htdocs\\toko_kasir\\public\\index.php')
WARNING - 2024-02-23 03:00:37 --> [DEPRECATED] Creation of dynamic property App\Controllers\Produk::$ModelKategori is deprecated in APPPATH\Controllers\Produk.php on line 15.
 1 SYSTEMPATH\CodeIgniter.php(913): App\Controllers\Produk->__construct()
 2 SYSTEMPATH\CodeIgniter.php(493): CodeIgniter\CodeIgniter->createController()
 3 SYSTEMPATH\CodeIgniter.php(361): CodeIgniter\CodeIgniter->handleRequest(null, Object(Config\Cache), false)
 4 FCPATH\index.php(79): CodeIgniter\CodeIgniter->run()
 5 SYSTEMPATH\Commands\Server\rewrite.php(47): require_once('C:\\xampp\\htdocs\\toko_kasir\\public\\index.php')
WARNING - 2024-02-23 03:00:37 --> [DEPRECATED] Creation of dynamic property App\Controllers\Produk::$ModelSatuan is deprecated in APPPATH\Controllers\Produk.php on line 16.
 1 SYSTEMPATH\CodeIgniter.php(913): App\Controllers\Produk->__construct()
 2 SYSTEMPATH\CodeIgniter.php(493): CodeIgniter\CodeIgniter->createController()
 3 SYSTEMPATH\CodeIgniter.php(361): CodeIgniter\CodeIgniter->handleRequest(null, Object(Config\Cache), false)
 4 FCPATH\index.php(79): CodeIgniter\CodeIgniter->run()
 5 SYSTEMPATH\Commands\Server\rewrite.php(47): require_once('C:\\xampp\\htdocs\\toko_kasir\\public\\index.php')
INFO - 2024-02-23 03:00:37 --> Session: Class initialized using 'CodeIgniter\Session\Handlers\FileHandler' driver.
WARNING - 2024-02-23 03:00:41 --> [DEPRECATED] Creation of dynamic property App\Controllers\Penjualan::$ModelPenjualan is deprecated in APPPATH\Controllers\Penjualan.php on line 12.
 1 SYSTEMPATH\CodeIgniter.php(913): App\Controllers\Penjualan->__construct()
 2 SYSTEMPATH\CodeIgniter.php(493): CodeIgniter\CodeIgniter->createController()
 3 SYSTEMPATH\CodeIgniter.php(361): CodeIgniter\CodeIgniter->handleRequest(null, Object(Config\Cache), false)
 4 FCPATH\index.php(79): CodeIgniter\CodeIgniter->run()
 5 SYSTEMPATH\Commands\Server\rewrite.php(47): require_once('C:\\xampp\\htdocs\\toko_kasir\\public\\index.php')
INFO - 2024-02-23 03:00:41 --> Session: Class initialized using 'CodeIgniter\Session\Handlers\FileHandler' driver.
INFO - 2024-02-23 03:00:41 --> Cart Class Initialized
WARNING - 2024-02-23 03:00:49 --> [DEPRECATED] Creation of dynamic property App\Controllers\Penjualan::$ModelPenjualan is deprecated in APPPATH\Controllers\Penjualan.php on line 12.
 1 SYSTEMPATH\CodeIgniter.php(913): App\Controllers\Penjualan->__construct()
 2 SYSTEMPATH\CodeIgniter.php(493): CodeIgniter\CodeIgniter->createController()
 3 SYSTEMPATH\CodeIgniter.php(361): CodeIgniter\CodeIgniter->handleRequest(null, Object(Config\Cache), false)
 4 FCPATH\index.php(79): CodeIgniter\CodeIgniter->run()
 5 SYSTEMPATH\Commands\Server\rewrite.php(47): require_once('C:\\xampp\\htdocs\\toko_kasir\\public\\index.php')
WARNING - 2024-02-23 03:00:51 --> [DEPRECATED] Creation of dynamic property App\Controllers\Penjualan::$ModelPenjualan is deprecated in APPPATH\Controllers\Penjualan.php on line 12.
 1 SYSTEMPATH\CodeIgniter.php(913): App\Controllers\Penjualan->__construct()
 2 SYSTEMPATH\CodeIgniter.php(493): CodeIgniter\CodeIgniter->createController()
 3 SYSTEMPATH\CodeIgniter.php(361): CodeIgniter\CodeIgniter->handleRequest(null, Object(Config\Cache), false)
 4 FCPATH\index.php(79): CodeIgniter\CodeIgniter->run()
 5 SYSTEMPATH\Commands\Server\rewrite.php(47): require_once('C:\\xampp\\htdocs\\toko_kasir\\public\\index.php')
INFO - 2024-02-23 03:00:51 --> Session: Class initialized using 'CodeIgniter\Session\Handlers\FileHandler' driver.
INFO - 2024-02-23 03:00:51 --> Cart Class Initialized
WARNING - 2024-02-23 03:00:51 --> [DEPRECATED] Creation of dynamic property App\Controllers\Penjualan::$ModelPenjualan is deprecated in APPPATH\Controllers\Penjualan.php on line 12.
 1 SYSTEMPATH\CodeIgniter.php(913): App\Controllers\Penjualan->__construct()
 2 SYSTEMPATH\CodeIgniter.php(493): CodeIgniter\CodeIgniter->createController()
 3 SYSTEMPATH\CodeIgniter.php(361): CodeIgniter\CodeIgniter->handleRequest(null, Object(Config\Cache), false)
 4 FCPATH\index.php(79): CodeIgniter\CodeIgniter->run()
 5 SYSTEMPATH\Commands\Server\rewrite.php(47): require_once('C:\\xampp\\htdocs\\toko_kasir\\public\\index.php')
INFO - 2024-02-23 03:00:51 --> Session: Class initialized using 'CodeIgniter\Session\Handlers\FileHandler' driver.
INFO - 2024-02-23 03:00:51 --> Cart Class Initialized
WARNING - 2024-02-23 03:00:59 --> [DEPRECATED] Creation of dynamic property App\Controllers\Penjualan::$ModelPenjualan is deprecated in APPPATH\Controllers\Penjualan.php on line 12.
 1 SYSTEMPATH\CodeIgniter.php(913): App\Controllers\Penjualan->__construct()
 2 SYSTEMPATH\CodeIgniter.php(493): CodeIgniter\CodeIgniter->createController()
 3 SYSTEMPATH\CodeIgniter.php(361): CodeIgniter\CodeIgniter->handleRequest(null, Object(Config\Cache), false)
 4 FCPATH\index.php(79): CodeIgniter\CodeIgniter->run()
 5 SYSTEMPATH\Commands\Server\rewrite.php(47): require_once('C:\\xampp\\htdocs\\toko_kasir\\public\\index.php')
WARNING - 2024-02-23 03:01:06 --> [DEPRECATED] Creation of dynamic property App\Controllers\Penjualan::$ModelPenjualan is deprecated in APPPATH\Controllers\Penjualan.php on line 12.
 1 SYSTEMPATH\CodeIgniter.php(913): App\Controllers\Penjualan->__construct()
 2 SYSTEMPATH\CodeIgniter.php(493): CodeIgniter\CodeIgniter->createController()
 3 SYSTEMPATH\CodeIgniter.php(361): CodeIgniter\CodeIgniter->handleRequest(null, Object(Config\Cache), false)
 4 FCPATH\index.php(79): CodeIgniter\CodeIgniter->run()
 5 SYSTEMPATH\Commands\Server\rewrite.php(47): require_once('C:\\xampp\\htdocs\\toko_kasir\\public\\index.php')
INFO - 2024-02-23 03:01:06 --> Session: Class initialized using 'CodeIgniter\Session\Handlers\FileHandler' driver.
INFO - 2024-02-23 03:01:06 --> Cart Class Initialized
WARNING - 2024-02-23 03:01:06 --> [DEPRECATED] Creation of dynamic property App\Controllers\Penjualan::$ModelPenjualan is deprecated in APPPATH\Controllers\Penjualan.php on line 12.
 1 SYSTEMPATH\CodeIgniter.php(913): App\Controllers\Penjualan->__construct()
 2 SYSTEMPATH\CodeIgniter.php(493): CodeIgniter\CodeIgniter->createController()
 3 SYSTEMPATH\CodeIgniter.php(361): CodeIgniter\CodeIgniter->handleRequest(null, Object(Config\Cache), false)
 4 FCPATH\index.php(79): CodeIgniter\CodeIgniter->run()
 5 SYSTEMPATH\Commands\Server\rewrite.php(47): require_once('C:\\xampp\\htdocs\\toko_kasir\\public\\index.php')
INFO - 2024-02-23 03:01:06 --> Session: Class initialized using 'CodeIgniter\Session\Handlers\FileHandler' driver.
INFO - 2024-02-23 03:01:06 --> Cart Class Initialized
WARNING - 2024-02-23 03:03:33 --> [DEPRECATED] Creation of dynamic property App\Controllers\Penjualan::$ModelPenjualan is deprecated in APPPATH\Controllers\Penjualan.php on line 12.
 1 SYSTEMPATH\CodeIgniter.php(913): App\Controllers\Penjualan->__construct()
 2 SYSTEMPATH\CodeIgniter.php(493): CodeIgniter\CodeIgniter->createController()
 3 SYSTEMPATH\CodeIgniter.php(361): CodeIgniter\CodeIgniter->handleRequest(null, Object(Config\Cache), false)
 4 FCPATH\index.php(79): CodeIgniter\CodeIgniter->run()
 5 SYSTEMPATH\Commands\Server\rewrite.php(47): require_once('C:\\xampp\\htdocs\\toko_kasir\\public\\index.php')
INFO - 2024-02-23 03:03:33 --> Session: Class initialized using 'CodeIgniter\Session\Handlers\FileHandler' driver.
INFO - 2024-02-23 03:03:33 --> Cart Class Initialized
WARNING - 2024-02-23 03:14:47 --> [DEPRECATED] Creation of dynamic property App\Controllers\Penjualan::$ModelPenjualan is deprecated in APPPATH\Controllers\Penjualan.php on line 12.
 1 SYSTEMPATH\CodeIgniter.php(913): App\Controllers\Penjualan->__construct()
 2 SYSTEMPATH\CodeIgniter.php(493): CodeIgniter\CodeIgniter->createController()
 3 SYSTEMPATH\CodeIgniter.php(361): CodeIgniter\CodeIgniter->handleRequest(null, Object(Config\Cache), false)
 4 FCPATH\index.php(79): CodeIgniter\CodeIgniter->run()
 5 SYSTEMPATH\Commands\Server\rewrite.php(47): require_once('C:\\xampp\\htdocs\\toko_kasir\\public\\index.php')
INFO - 2024-02-23 03:14:47 --> Session: Class initialized using 'CodeIgniter\Session\Handlers\FileHandler' driver.
INFO - 2024-02-23 03:14:47 --> Cart Class Initialized
WARNING - 2024-02-23 03:17:26 --> [DEPRECATED] Creation of dynamic property App\Controllers\Penjualan::$ModelPenjualan is deprecated in APPPATH\Controllers\Penjualan.php on line 12.
 1 SYSTEMPATH\CodeIgniter.php(913): App\Controllers\Penjualan->__construct()
 2 SYSTEMPATH\CodeIgniter.php(493): CodeIgniter\CodeIgniter->createController()
 3 SYSTEMPATH\CodeIgniter.php(361): CodeIgniter\CodeIgniter->handleRequest(null, Object(Config\Cache), false)
 4 FCPATH\index.php(79): CodeIgniter\CodeIgniter->run()
 5 SYSTEMPATH\Commands\Server\rewrite.php(47): require_once('C:\\xampp\\htdocs\\toko_kasir\\public\\index.php')
INFO - 2024-02-23 03:17:26 --> Session: Class initialized using 'CodeIgniter\Session\Handlers\FileHandler' driver.
INFO - 2024-02-23 03:17:26 --> Cart Class Initialized
WARNING - 2024-02-23 03:17:32 --> [DEPRECATED] Creation of dynamic property App\Controllers\Penjualan::$ModelPenjualan is deprecated in APPPATH\Controllers\Penjualan.php on line 12.
 1 SYSTEMPATH\CodeIgniter.php(913): App\Controllers\Penjualan->__construct()
 2 SYSTEMPATH\CodeIgniter.php(493): CodeIgniter\CodeIgniter->createController()
 3 SYSTEMPATH\CodeIgniter.php(361): CodeIgniter\CodeIgniter->handleRequest(null, Object(Config\Cache), false)
 4 FCPATH\index.php(79): CodeIgniter\CodeIgniter->run()
 5 SYSTEMPATH\Commands\Server\rewrite.php(47): require_once('C:\\xampp\\htdocs\\toko_kasir\\public\\index.php')
INFO - 2024-02-23 03:17:32 --> Session: Class initialized using 'CodeIgniter\Session\Handlers\FileHandler' driver.
INFO - 2024-02-23 03:17:32 --> Cart Class Initialized
WARNING - 2024-02-23 03:20:04 --> [DEPRECATED] Creation of dynamic property App\Controllers\Penjualan::$ModelPenjualan is deprecated in APPPATH\Controllers\Penjualan.php on line 12.
 1 SYSTEMPATH\CodeIgniter.php(913): App\Controllers\Penjualan->__construct()
 2 SYSTEMPATH\CodeIgniter.php(493): CodeIgniter\CodeIgniter->createController()
 3 SYSTEMPATH\CodeIgniter.php(361): CodeIgniter\CodeIgniter->handleRequest(null, Object(Config\Cache), false)
 4 FCPATH\index.php(79): CodeIgniter\CodeIgniter->run()
 5 SYSTEMPATH\Commands\Server\rewrite.php(47): require_once('C:\\xampp\\htdocs\\toko_kasir\\public\\index.php')
INFO - 2024-02-23 03:20:04 --> Session: Class initialized using 'CodeIgniter\Session\Handlers\FileHandler' driver.
INFO - 2024-02-23 03:20:04 --> Cart Class Initialized
WARNING - 2024-02-23 03:22:06 --> [DEPRECATED] Creation of dynamic property App\Controllers\Penjualan::$ModelPenjualan is deprecated in APPPATH\Controllers\Penjualan.php on line 12.
 1 SYSTEMPATH\CodeIgniter.php(913): App\Controllers\Penjualan->__construct()
 2 SYSTEMPATH\CodeIgniter.php(493): CodeIgniter\CodeIgniter->createController()
 3 SYSTEMPATH\CodeIgniter.php(361): CodeIgniter\CodeIgniter->handleRequest(null, Object(Config\Cache), false)
 4 FCPATH\index.php(79): CodeIgniter\CodeIgniter->run()
 5 SYSTEMPATH\Commands\Server\rewrite.php(47): require_once('C:\\xampp\\htdocs\\toko_kasir\\public\\index.php')
INFO - 2024-02-23 03:22:06 --> Session: Class initialized using 'CodeIgniter\Session\Handlers\FileHandler' driver.
INFO - 2024-02-23 03:22:06 --> Cart Class Initialized
WARNING - 2024-02-23 05:22:24 --> [DEPRECATED] Creation of dynamic property App\Controllers\Home::$ModelUser is deprecated in APPPATH\Controllers\Home.php on line 9.
 1 SYSTEMPATH\CodeIgniter.php(913): App\Controllers\Home->__construct()
 2 SYSTEMPATH\CodeIgniter.php(493): CodeIgniter\CodeIgniter->createController()
 3 SYSTEMPATH\CodeIgniter.php(361): CodeIgniter\CodeIgniter->handleRequest(null, Object(Config\Cache), false)
 4 FCPATH\index.php(79): CodeIgniter\CodeIgniter->run()
 5 SYSTEMPATH\Commands\Server\rewrite.php(47): require_once('C:\\xampp\\htdocs\\toko_kasir\\public\\index.php')
INFO - 2024-02-23 05:22:24 --> Session: Class initialized using 'CodeIgniter\Session\Handlers\FileHandler' driver.
WARNING - 2024-02-23 05:22:46 --> [DEPRECATED] Creation of dynamic property App\Controllers\Home::$ModelUser is deprecated in APPPATH\Controllers\Home.php on line 9.
 1 SYSTEMPATH\CodeIgniter.php(913): App\Controllers\Home->__construct()
 2 SYSTEMPATH\CodeIgniter.php(493): CodeIgniter\CodeIgniter->createController()
 3 SYSTEMPATH\CodeIgniter.php(361): CodeIgniter\CodeIgniter->handleRequest(null, Object(Config\Cache), false)
 4 FCPATH\index.php(79): CodeIgniter\CodeIgniter->run()
 5 SYSTEMPATH\Commands\Server\rewrite.php(47): require_once('C:\\xampp\\htdocs\\toko_kasir\\public\\index.php')
INFO - 2024-02-23 05:22:48 --> Session: Class initialized using 'CodeIgniter\Session\Handlers\FileHandler' driver.
WARNING - 2024-02-23 05:22:48 --> [DEPRECATED] Creation of dynamic property App\Controllers\Home::$ModelUser is deprecated in APPPATH\Controllers\Home.php on line 9.
 1 SYSTEMPATH\CodeIgniter.php(913): App\Controllers\Home->__construct()
 2 SYSTEMPATH\CodeIgniter.php(493): CodeIgniter\CodeIgniter->createController()
 3 SYSTEMPATH\CodeIgniter.php(361): CodeIgniter\CodeIgniter->handleRequest(null, Object(Config\Cache), false)
 4 FCPATH\index.php(79): CodeIgniter\CodeIgniter->run()
 5 SYSTEMPATH\Commands\Server\rewrite.php(47): require_once('C:\\xampp\\htdocs\\toko_kasir\\public\\index.php')
INFO - 2024-02-23 05:22:48 --> Session: Class initialized using 'CodeIgniter\Session\Handlers\FileHandler' driver.
WARNING - 2024-02-23 05:22:55 --> [DEPRECATED] Creation of dynamic property App\Controllers\Penjualan::$ModelPenjualan is deprecated in APPPATH\Controllers\Penjualan.php on line 12.
 1 SYSTEMPATH\CodeIgniter.php(913): App\Controllers\Penjualan->__construct()
 2 SYSTEMPATH\CodeIgniter.php(493): CodeIgniter\CodeIgniter->createController()
 3 SYSTEMPATH\CodeIgniter.php(361): CodeIgniter\CodeIgniter->handleRequest(null, Object(Config\Cache), false)
 4 FCPATH\index.php(79): CodeIgniter\CodeIgniter->run()
 5 SYSTEMPATH\Commands\Server\rewrite.php(47): require_once('C:\\xampp\\htdocs\\toko_kasir\\public\\index.php')
INFO - 2024-02-23 05:22:55 --> Session: Class initialized using 'CodeIgniter\Session\Handlers\FileHandler' driver.
INFO - 2024-02-23 05:22:55 --> Cart Class Initialized
WARNING - 2024-02-23 05:34:29 --> [DEPRECATED] Creation of dynamic property App\Controllers\Penjualan::$ModelPenjualan is deprecated in APPPATH\Controllers\Penjualan.php on line 12.
 1 SYSTEMPATH\CodeIgniter.php(913): App\Controllers\Penjualan->__construct()
 2 SYSTEMPATH\CodeIgniter.php(493): CodeIgniter\CodeIgniter->createController()
 3 SYSTEMPATH\CodeIgniter.php(361): CodeIgniter\CodeIgniter->handleRequest(null, Object(Config\Cache), false)
 4 FCPATH\index.php(79): CodeIgniter\CodeIgniter->run()
 5 SYSTEMPATH\Commands\Server\rewrite.php(47): require_once('C:\\xampp\\htdocs\\toko_kasir\\public\\index.php')
INFO - 2024-02-23 05:34:29 --> Session: Class initialized using 'CodeIgniter\Session\Handlers\FileHandler' driver.
INFO - 2024-02-23 05:34:29 --> Cart Class Initialized
WARNING - 2024-02-23 05:35:38 --> [DEPRECATED] Creation of dynamic property App\Controllers\Penjualan::$ModelPenjualan is deprecated in APPPATH\Controllers\Penjualan.php on line 12.
 1 SYSTEMPATH\CodeIgniter.php(913): App\Controllers\Penjualan->__construct()
 2 SYSTEMPATH\CodeIgniter.php(493): CodeIgniter\CodeIgniter->createController()
 3 SYSTEMPATH\CodeIgniter.php(361): CodeIgniter\CodeIgniter->handleRequest(null, Object(Config\Cache), false)
 4 FCPATH\index.php(79): CodeIgniter\CodeIgniter->run()
 5 SYSTEMPATH\Commands\Server\rewrite.php(47): require_once('C:\\xampp\\htdocs\\toko_kasir\\public\\index.php')
INFO - 2024-02-23 05:35:38 --> Session: Class initialized using 'CodeIgniter\Session\Handlers\FileHandler' driver.
INFO - 2024-02-23 05:35:38 --> Cart Class Initialized
WARNING - 2024-02-23 05:37:27 --> [DEPRECATED] Creation of dynamic property App\Controllers\Penjualan::$ModelPenjualan is deprecated in APPPATH\Controllers\Penjualan.php on line 12.
 1 SYSTEMPATH\CodeIgniter.php(913): App\Controllers\Penjualan->__construct()
 2 SYSTEMPATH\CodeIgniter.php(493): CodeIgniter\CodeIgniter->createController()
 3 SYSTEMPATH\CodeIgniter.php(361): CodeIgniter\CodeIgniter->handleRequest(null, Object(Config\Cache), false)
 4 FCPATH\index.php(79): CodeIgniter\CodeIgniter->run()
 5 SYSTEMPATH\Commands\Server\rewrite.php(47): require_once('C:\\xampp\\htdocs\\toko_kasir\\public\\index.php')
INFO - 2024-02-23 05:37:27 --> Session: Class initialized using 'CodeIgniter\Session\Handlers\FileHandler' driver.
INFO - 2024-02-23 05:37:27 --> Cart Class Initialized
WARNING - 2024-02-23 05:37:49 --> [DEPRECATED] Creation of dynamic property App\Controllers\Penjualan::$ModelPenjualan is deprecated in APPPATH\Controllers\Penjualan.php on line 12.
 1 SYSTEMPATH\CodeIgniter.php(913): App\Controllers\Penjualan->__construct()
 2 SYSTEMPATH\CodeIgniter.php(493): CodeIgniter\CodeIgniter->createController()
 3 SYSTEMPATH\CodeIgniter.php(361): CodeIgniter\CodeIgniter->handleRequest(null, Object(Config\Cache), false)
 4 FCPATH\index.php(79): CodeIgniter\CodeIgniter->run()
 5 SYSTEMPATH\Commands\Server\rewrite.php(47): require_once('C:\\xampp\\htdocs\\toko_kasir\\public\\index.php')
INFO - 2024-02-23 05:37:49 --> Session: Class initialized using 'CodeIgniter\Session\Handlers\FileHandler' driver.
INFO - 2024-02-23 05:37:49 --> Cart Class Initialized
WARNING - 2024-02-23 05:40:54 --> [DEPRECATED] Creation of dynamic property App\Controllers\Penjualan::$ModelPenjualan is deprecated in APPPATH\Controllers\Penjualan.php on line 12.
 1 SYSTEMPATH\CodeIgniter.php(913): App\Controllers\Penjualan->__construct()
 2 SYSTEMPATH\CodeIgniter.php(493): CodeIgniter\CodeIgniter->createController()
 3 SYSTEMPATH\CodeIgniter.php(361): CodeIgniter\CodeIgniter->handleRequest(null, Object(Config\Cache), false)
 4 FCPATH\index.php(79): CodeIgniter\CodeIgniter->run()
 5 SYSTEMPATH\Commands\Server\rewrite.php(47): require_once('C:\\xampp\\htdocs\\toko_kasir\\public\\index.php')
INFO - 2024-02-23 05:40:54 --> Session: Class initialized using 'CodeIgniter\Session\Handlers\FileHandler' driver.
INFO - 2024-02-23 05:40:54 --> Cart Class Initialized
WARNING - 2024-02-23 05:41:47 --> [DEPRECATED] Creation of dynamic property App\Controllers\Penjualan::$ModelPenjualan is deprecated in APPPATH\Controllers\Penjualan.php on line 12.
 1 SYSTEMPATH\CodeIgniter.php(913): App\Controllers\Penjualan->__construct()
 2 SYSTEMPATH\CodeIgniter.php(493): CodeIgniter\CodeIgniter->createController()
 3 SYSTEMPATH\CodeIgniter.php(361): CodeIgniter\CodeIgniter->handleRequest(null, Object(Config\Cache), false)
 4 FCPATH\index.php(79): CodeIgniter\CodeIgniter->run()
 5 SYSTEMPATH\Commands\Server\rewrite.php(47): require_once('C:\\xampp\\htdocs\\toko_kasir\\public\\index.php')
WARNING - 2024-02-23 05:41:50 --> [DEPRECATED] Creation of dynamic property App\Controllers\Penjualan::$ModelPenjualan is deprecated in APPPATH\Controllers\Penjualan.php on line 12.
 1 SYSTEMPATH\CodeIgniter.php(913): App\Controllers\Penjualan->__construct()
 2 SYSTEMPATH\CodeIgniter.php(493): CodeIgniter\CodeIgniter->createController()
 3 SYSTEMPATH\CodeIgniter.php(361): CodeIgniter\CodeIgniter->handleRequest(null, Object(Config\Cache), false)
 4 FCPATH\index.php(79): CodeIgniter\CodeIgniter->run()
 5 SYSTEMPATH\Commands\Server\rewrite.php(47): require_once('C:\\xampp\\htdocs\\toko_kasir\\public\\index.php')
INFO - 2024-02-23 05:41:50 --> Session: Class initialized using 'CodeIgniter\Session\Handlers\FileHandler' driver.
INFO - 2024-02-23 05:41:50 --> Cart Class Initialized
WARNING - 2024-02-23 05:41:50 --> [DEPRECATED] Creation of dynamic property App\Controllers\Penjualan::$ModelPenjualan is deprecated in APPPATH\Controllers\Penjualan.php on line 12.
 1 SYSTEMPATH\CodeIgniter.php(913): App\Controllers\Penjualan->__construct()
 2 SYSTEMPATH\CodeIgniter.php(493): CodeIgniter\CodeIgniter->createController()
 3 SYSTEMPATH\CodeIgniter.php(361): CodeIgniter\CodeIgniter->handleRequest(null, Object(Config\Cache), false)
 4 FCPATH\index.php(79): CodeIgniter\CodeIgniter->run()
 5 SYSTEMPATH\Commands\Server\rewrite.php(47): require_once('C:\\xampp\\htdocs\\toko_kasir\\public\\index.php')
INFO - 2024-02-23 05:41:50 --> Session: Class initialized using 'CodeIgniter\Session\Handlers\FileHandler' driver.
INFO - 2024-02-23 05:41:50 --> Cart Class Initialized
WARNING - 2024-02-23 05:42:00 --> [DEPRECATED] Creation of dynamic property App\Controllers\Penjualan::$ModelPenjualan is deprecated in APPPATH\Controllers\Penjualan.php on line 12.
 1 SYSTEMPATH\CodeIgniter.php(913): App\Controllers\Penjualan->__construct()
 2 SYSTEMPATH\CodeIgniter.php(493): CodeIgniter\CodeIgniter->createController()
 3 SYSTEMPATH\CodeIgniter.php(361): CodeIgniter\CodeIgniter->handleRequest(null, Object(Config\Cache), false)
 4 FCPATH\index.php(79): CodeIgniter\CodeIgniter->run()
 5 SYSTEMPATH\Commands\Server\rewrite.php(47): require_once('C:\\xampp\\htdocs\\toko_kasir\\public\\index.php')
WARNING - 2024-02-23 05:42:03 --> [DEPRECATED] Creation of dynamic property App\Controllers\Penjualan::$ModelPenjualan is deprecated in APPPATH\Controllers\Penjualan.php on line 12.
 1 SYSTEMPATH\CodeIgniter.php(913): App\Controllers\Penjualan->__construct()
 2 SYSTEMPATH\CodeIgniter.php(493): CodeIgniter\CodeIgniter->createController()
 3 SYSTEMPATH\CodeIgniter.php(361): CodeIgniter\CodeIgniter->handleRequest(null, Object(Config\Cache), false)
 4 FCPATH\index.php(79): CodeIgniter\CodeIgniter->run()
 5 SYSTEMPATH\Commands\Server\rewrite.php(47): require_once('C:\\xampp\\htdocs\\toko_kasir\\public\\index.php')
INFO - 2024-02-23 05:42:03 --> Session: Class initialized using 'CodeIgniter\Session\Handlers\FileHandler' driver.
INFO - 2024-02-23 05:42:03 --> Cart Class Initialized
WARNING - 2024-02-23 05:42:03 --> [DEPRECATED] Creation of dynamic property App\Controllers\Penjualan::$ModelPenjualan is deprecated in APPPATH\Controllers\Penjualan.php on line 12.
 1 SYSTEMPATH\CodeIgniter.php(913): App\Controllers\Penjualan->__construct()
 2 SYSTEMPATH\CodeIgniter.php(493): CodeIgniter\CodeIgniter->createController()
 3 SYSTEMPATH\CodeIgniter.php(361): CodeIgniter\CodeIgniter->handleRequest(null, Object(Config\Cache), false)
 4 FCPATH\index.php(79): CodeIgniter\CodeIgniter->run()
 5 SYSTEMPATH\Commands\Server\rewrite.php(47): require_once('C:\\xampp\\htdocs\\toko_kasir\\public\\index.php')
INFO - 2024-02-23 05:42:03 --> Session: Class initialized using 'CodeIgniter\Session\Handlers\FileHandler' driver.
INFO - 2024-02-23 05:42:03 --> Cart Class Initialized
WARNING - 2024-02-23 05:42:13 --> [DEPRECATED] Creation of dynamic property App\Controllers\Penjualan::$ModelPenjualan is deprecated in APPPATH\Controllers\Penjualan.php on line 12.
 1 SYSTEMPATH\CodeIgniter.php(913): App\Controllers\Penjualan->__construct()
 2 SYSTEMPATH\CodeIgniter.php(493): CodeIgniter\CodeIgniter->createController()
 3 SYSTEMPATH\CodeIgniter.php(361): CodeIgniter\CodeIgniter->handleRequest(null, Object(Config\Cache), false)
 4 FCPATH\index.php(79): CodeIgniter\CodeIgniter->run()
 5 SYSTEMPATH\Commands\Server\rewrite.php(47): require_once('C:\\xampp\\htdocs\\toko_kasir\\public\\index.php')
WARNING - 2024-02-23 05:42:15 --> [DEPRECATED] Creation of dynamic property App\Controllers\Penjualan::$ModelPenjualan is deprecated in APPPATH\Controllers\Penjualan.php on line 12.
 1 SYSTEMPATH\CodeIgniter.php(913): App\Controllers\Penjualan->__construct()
 2 SYSTEMPATH\CodeIgniter.php(493): CodeIgniter\CodeIgniter->createController()
 3 SYSTEMPATH\CodeIgniter.php(361): CodeIgniter\CodeIgniter->handleRequest(null, Object(Config\Cache), false)
 4 FCPATH\index.php(79): CodeIgniter\CodeIgniter->run()
 5 SYSTEMPATH\Commands\Server\rewrite.php(47): require_once('C:\\xampp\\htdocs\\toko_kasir\\public\\index.php')
INFO - 2024-02-23 05:42:15 --> Session: Class initialized using 'CodeIgniter\Session\Handlers\FileHandler' driver.
INFO - 2024-02-23 05:42:15 --> Cart Class Initialized
WARNING - 2024-02-23 05:42:16 --> [DEPRECATED] Creation of dynamic property App\Controllers\Penjualan::$ModelPenjualan is deprecated in APPPATH\Controllers\Penjualan.php on line 12.
 1 SYSTEMPATH\CodeIgniter.php(913): App\Controllers\Penjualan->__construct()
 2 SYSTEMPATH\CodeIgniter.php(493): CodeIgniter\CodeIgniter->createController()
 3 SYSTEMPATH\CodeIgniter.php(361): CodeIgniter\CodeIgniter->handleRequest(null, Object(Config\Cache), false)
 4 FCPATH\index.php(79): CodeIgniter\CodeIgniter->run()
 5 SYSTEMPATH\Commands\Server\rewrite.php(47): require_once('C:\\xampp\\htdocs\\toko_kasir\\public\\index.php')
INFO - 2024-02-23 05:42:16 --> Session: Class initialized using 'CodeIgniter\Session\Handlers\FileHandler' driver.
INFO - 2024-02-23 05:42:16 --> Cart Class Initialized
WARNING - 2024-02-23 05:43:47 --> [DEPRECATED] Creation of dynamic property App\Controllers\Penjualan::$ModelPenjualan is deprecated in APPPATH\Controllers\Penjualan.php on line 12.
 1 SYSTEMPATH\CodeIgniter.php(913): App\Controllers\Penjualan->__construct()
 2 SYSTEMPATH\CodeIgniter.php(493): CodeIgniter\CodeIgniter->createController()
 3 SYSTEMPATH\CodeIgniter.php(361): CodeIgniter\CodeIgniter->handleRequest(null, Object(Config\Cache), false)
 4 FCPATH\index.php(79): CodeIgniter\CodeIgniter->run()
 5 SYSTEMPATH\Commands\Server\rewrite.php(47): require_once('C:\\xampp\\htdocs\\toko_kasir\\public\\index.php')
INFO - 2024-02-23 05:43:47 --> Session: Class initialized using 'CodeIgniter\Session\Handlers\FileHandler' driver.
INFO - 2024-02-23 05:43:47 --> Cart Class Initialized
WARNING - 2024-02-23 06:02:57 --> [DEPRECATED] Creation of dynamic property App\Controllers\Penjualan::$ModelPenjualan is deprecated in APPPATH\Controllers\Penjualan.php on line 12.
 1 SYSTEMPATH\CodeIgniter.php(913): App\Controllers\Penjualan->__construct()
 2 SYSTEMPATH\CodeIgniter.php(493): CodeIgniter\CodeIgniter->createController()
 3 SYSTEMPATH\CodeIgniter.php(361): CodeIgniter\CodeIgniter->handleRequest(null, Object(Config\Cache), false)
 4 FCPATH\index.php(79): CodeIgniter\CodeIgniter->run()
 5 SYSTEMPATH\Commands\Server\rewrite.php(47): require_once('C:\\xampp\\htdocs\\toko_kasir\\public\\index.php')
INFO - 2024-02-23 06:02:57 --> Session: Class initialized using 'CodeIgniter\Session\Handlers\FileHandler' driver.
INFO - 2024-02-23 06:02:57 --> Cart Class Initialized
